<?xml version="1.0" encoding="UTF-8"?>
<testsuite xmlns:xsi="http://www.w3.org/2001/XMLSchema-instance" xsi:noNamespaceSchemaLocation="https://maven.apache.org/surefire/maven-surefire-plugin/xsd/surefire-test-report-3.0.xsd" version="3.0" name="TestSuite" time="2,590.487" tests="86" errors="0" skipped="0" failures="0">
  <properties>
    <property name="sun.desktop" value="windows"/>
    <property name="awt.toolkit" value="sun.awt.windows.WToolkit"/>
    <property name="file.encoding.pkg" value="sun.io"/>
    <property name="java.specification.version" value="1.8"/>
    <property name="sun.cpu.isalist" value="amd64"/>
    <property name="sun.jnu.encoding" value="Cp1252"/>
    <property name="java.class.path" value="C:\Users\raksarka\eclipse-workspace\FrameworkAPI\target\test-classes;C:\Users\raksarka\eclipse-workspace\FrameworkAPI\target\classes;C:\Users\raksarka\.m2\repository\io\rest-assured\rest-assured\4.4.0\rest-assured-4.4.0.jar;C:\Users\raksarka\.m2\repository\org\codehaus\groovy\groovy\3.0.8\groovy-3.0.8.jar;C:\Users\raksarka\.m2\repository\org\codehaus\groovy\groovy-xml\3.0.8\groovy-xml-3.0.8.jar;C:\Users\raksarka\.m2\repository\org\apache\httpcomponents\httpclient\4.5.13\httpclient-4.5.13.jar;C:\Users\raksarka\.m2\repository\org\apache\httpcomponents\httpcore\4.4.13\httpcore-4.4.13.jar;C:\Users\raksarka\.m2\repository\commons-logging\commons-logging\1.2\commons-logging-1.2.jar;C:\Users\raksarka\.m2\repository\commons-codec\commons-codec\1.11\commons-codec-1.11.jar;C:\Users\raksarka\.m2\repository\org\apache\httpcomponents\httpmime\4.5.13\httpmime-4.5.13.jar;C:\Users\raksarka\.m2\repository\org\hamcrest\hamcrest\2.1\hamcrest-2.1.jar;C:\Users\raksarka\.m2\repository\org\ccil\cowan\tagsoup\tagsoup\1.2.1\tagsoup-1.2.1.jar;C:\Users\raksarka\.m2\repository\io\rest-assured\json-path\4.4.0\json-path-4.4.0.jar;C:\Users\raksarka\.m2\repository\org\codehaus\groovy\groovy-json\3.0.8\groovy-json-3.0.8.jar;C:\Users\raksarka\.m2\repository\io\rest-assured\rest-assured-common\4.4.0\rest-assured-common-4.4.0.jar;C:\Users\raksarka\.m2\repository\io\rest-assured\xml-path\4.4.0\xml-path-4.4.0.jar;C:\Users\raksarka\.m2\repository\jakarta\xml\bind\jakarta.xml.bind-api\2.3.3\jakarta.xml.bind-api-2.3.3.jar;C:\Users\raksarka\.m2\repository\jakarta\activation\jakarta.activation-api\1.2.2\jakarta.activation-api-1.2.2.jar;C:\Users\raksarka\.m2\repository\com\sun\xml\bind\jaxb-impl\2.3.3\jaxb-impl-2.3.3.jar;C:\Users\raksarka\.m2\repository\org\testng\testng\7.4.0\testng-7.4.0.jar;C:\Users\raksarka\.m2\repository\com\beust\jcommander\1.78\jcommander-1.78.jar;C:\Users\raksarka\.m2\repository\org\webjars\jquery\3.5.1\jquery-3.5.1.jar;C:\Users\raksarka\.m2\repository\org\hamcrest\hamcrest-library\2.2\hamcrest-library-2.2.jar;C:\Users\raksarka\.m2\repository\org\hamcrest\hamcrest-core\2.2\hamcrest-core-2.2.jar;C:\Users\raksarka\.m2\repository\org\assertj\assertj-core\3.20.2\assertj-core-3.20.2.jar;C:\Users\raksarka\.m2\repository\com\aventstack\extentreports\5.0.5\extentreports-5.0.5.jar;C:\Users\raksarka\.m2\repository\io\reactivex\rxjava3\rxjava\3.0.4\rxjava-3.0.4.jar;C:\Users\raksarka\.m2\repository\org\reactivestreams\reactive-streams\1.0.3\reactive-streams-1.0.3.jar;C:\Users\raksarka\.m2\repository\org\freemarker\freemarker\2.3.30\freemarker-2.3.30.jar;C:\Users\raksarka\.m2\repository\com\google\code\gson\gson\2.8.6\gson-2.8.6.jar;C:\Users\raksarka\.m2\repository\io\rest-assured\json-schema-validator\4.4.0\json-schema-validator-4.4.0.jar;C:\Users\raksarka\.m2\repository\com\github\java-json-tools\json-schema-validator\2.2.14\json-schema-validator-2.2.14.jar;C:\Users\raksarka\.m2\repository\com\google\guava\guava\28.2-android\guava-28.2-android.jar;C:\Users\raksarka\.m2\repository\com\google\guava\failureaccess\1.0.1\failureaccess-1.0.1.jar;C:\Users\raksarka\.m2\repository\com\google\guava\listenablefuture\9999.0-empty-to-avoid-conflict-with-guava\listenablefuture-9999.0-empty-to-avoid-conflict-with-guava.jar;C:\Users\raksarka\.m2\repository\org\checkerframework\checker-compat-qual\2.5.5\checker-compat-qual-2.5.5.jar;C:\Users\raksarka\.m2\repository\com\google\errorprone\error_prone_annotations\2.3.4\error_prone_annotations-2.3.4.jar;C:\Users\raksarka\.m2\repository\com\google\j2objc\j2objc-annotations\1.3\j2objc-annotations-1.3.jar;C:\Users\raksarka\.m2\repository\com\github\java-json-tools\jackson-coreutils-equivalence\1.0\jackson-coreutils-equivalence-1.0.jar;C:\Users\raksarka\.m2\repository\com\github\java-json-tools\jackson-coreutils\2.0\jackson-coreutils-2.0.jar;C:\Users\raksarka\.m2\repository\com\github\java-json-tools\msg-simple\1.2\msg-simple-1.2.jar;C:\Users\raksarka\.m2\repository\com\github\java-json-tools\btf\1.3\btf-1.3.jar;C:\Users\raksarka\.m2\repository\com\github\java-json-tools\json-schema-core\1.2.14\json-schema-core-1.2.14.jar;C:\Users\raksarka\.m2\repository\com\github\java-json-tools\uri-template\0.10\uri-template-0.10.jar;C:\Users\raksarka\.m2\repository\org\mozilla\rhino\1.7.7.2\rhino-1.7.7.2.jar;C:\Users\raksarka\.m2\repository\com\sun\mail\mailapi\1.6.2\mailapi-1.6.2.jar;C:\Users\raksarka\.m2\repository\joda-time\joda-time\2.10.5\joda-time-2.10.5.jar;C:\Users\raksarka\.m2\repository\com\googlecode\libphonenumber\libphonenumber\8.11.1\libphonenumber-8.11.1.jar;C:\Users\raksarka\.m2\repository\com\google\code\findbugs\jsr305\3.0.2\jsr305-3.0.2.jar;C:\Users\raksarka\.m2\repository\net\sf\jopt-simple\jopt-simple\5.0.4\jopt-simple-5.0.4.jar;C:\Users\raksarka\.m2\repository\com\fasterxml\jackson\core\jackson-databind\2.13.0-rc1\jackson-databind-2.13.0-rc1.jar;C:\Users\raksarka\.m2\repository\com\fasterxml\jackson\core\jackson-annotations\2.13.0-rc1\jackson-annotations-2.13.0-rc1.jar;C:\Users\raksarka\.m2\repository\com\fasterxml\jackson\core\jackson-core\2.13.0-rc1\jackson-core-2.13.0-rc1.jar;C:\Users\raksarka\.m2\repository\org\json\json\20210307\json-20210307.jar;C:\Users\raksarka\.m2\repository\org\projectlombok\lombok\1.18.20\lombok-1.18.20.jar;C:\Users\raksarka\.m2\repository\commons-io\commons-io\2.11.0\commons-io-2.11.0.jar;C:\Users\raksarka\.m2\repository\com\github\javafaker\javafaker\1.0.2\javafaker-1.0.2.jar;C:\Users\raksarka\.m2\repository\org\apache\commons\commons-lang3\3.5\commons-lang3-3.5.jar;C:\Users\raksarka\.m2\repository\org\yaml\snakeyaml\1.23\snakeyaml-1.23-android.jar;C:\Users\raksarka\.m2\repository\com\github\mifmif\generex\1.0.2\generex-1.0.2.jar;C:\Users\raksarka\.m2\repository\dk\brics\automaton\automaton\1.11-8\automaton-1.11-8.jar;"/>
    <property name="java.vm.vendor" value="Oracle Corporation"/>
    <property name="sun.arch.data.model" value="64"/>
    <property name="user.variant" value=""/>
    <property name="java.vendor.url" value="http://java.oracle.com/"/>
    <property name="user.timezone" value="Asia/Calcutta"/>
    <property name="java.vm.specification.version" value="1.8"/>
    <property name="os.name" value="Windows 10"/>
    <property name="user.country" value="IN"/>
    <property name="sun.java.launcher" value="SUN_STANDARD"/>
    <property name="sun.boot.library.path" value="C:\Program Files\Java\jdk1.8.0_202\jre\bin"/>
    <property name="sun.java.command" value="C:\Users\raksarka\AppData\Local\Temp\surefire5817702207245188320\surefirebooter7315223984627314580.jar C:\Users\raksarka\AppData\Local\Temp\surefire5817702207245188320 2023-10-09T18-28-15_233-jvmRun1 surefire5028933633605754127tmp surefire_01352767854367049127tmp"/>
    <property name="surefire.test.class.path" value="C:\Users\raksarka\eclipse-workspace\FrameworkAPI\target\test-classes;C:\Users\raksarka\eclipse-workspace\FrameworkAPI\target\classes;C:\Users\raksarka\.m2\repository\io\rest-assured\rest-assured\4.4.0\rest-assured-4.4.0.jar;C:\Users\raksarka\.m2\repository\org\codehaus\groovy\groovy\3.0.8\groovy-3.0.8.jar;C:\Users\raksarka\.m2\repository\org\codehaus\groovy\groovy-xml\3.0.8\groovy-xml-3.0.8.jar;C:\Users\raksarka\.m2\repository\org\apache\httpcomponents\httpclient\4.5.13\httpclient-4.5.13.jar;C:\Users\raksarka\.m2\repository\org\apache\httpcomponents\httpcore\4.4.13\httpcore-4.4.13.jar;C:\Users\raksarka\.m2\repository\commons-logging\commons-logging\1.2\commons-logging-1.2.jar;C:\Users\raksarka\.m2\repository\commons-codec\commons-codec\1.11\commons-codec-1.11.jar;C:\Users\raksarka\.m2\repository\org\apache\httpcomponents\httpmime\4.5.13\httpmime-4.5.13.jar;C:\Users\raksarka\.m2\repository\org\hamcrest\hamcrest\2.1\hamcrest-2.1.jar;C:\Users\raksarka\.m2\repository\org\ccil\cowan\tagsoup\tagsoup\1.2.1\tagsoup-1.2.1.jar;C:\Users\raksarka\.m2\repository\io\rest-assured\json-path\4.4.0\json-path-4.4.0.jar;C:\Users\raksarka\.m2\repository\org\codehaus\groovy\groovy-json\3.0.8\groovy-json-3.0.8.jar;C:\Users\raksarka\.m2\repository\io\rest-assured\rest-assured-common\4.4.0\rest-assured-common-4.4.0.jar;C:\Users\raksarka\.m2\repository\io\rest-assured\xml-path\4.4.0\xml-path-4.4.0.jar;C:\Users\raksarka\.m2\repository\jakarta\xml\bind\jakarta.xml.bind-api\2.3.3\jakarta.xml.bind-api-2.3.3.jar;C:\Users\raksarka\.m2\repository\jakarta\activation\jakarta.activation-api\1.2.2\jakarta.activation-api-1.2.2.jar;C:\Users\raksarka\.m2\repository\com\sun\xml\bind\jaxb-impl\2.3.3\jaxb-impl-2.3.3.jar;C:\Users\raksarka\.m2\repository\org\testng\testng\7.4.0\testng-7.4.0.jar;C:\Users\raksarka\.m2\repository\com\beust\jcommander\1.78\jcommander-1.78.jar;C:\Users\raksarka\.m2\repository\org\webjars\jquery\3.5.1\jquery-3.5.1.jar;C:\Users\raksarka\.m2\repository\org\hamcrest\hamcrest-library\2.2\hamcrest-library-2.2.jar;C:\Users\raksarka\.m2\repository\org\hamcrest\hamcrest-core\2.2\hamcrest-core-2.2.jar;C:\Users\raksarka\.m2\repository\org\assertj\assertj-core\3.20.2\assertj-core-3.20.2.jar;C:\Users\raksarka\.m2\repository\com\aventstack\extentreports\5.0.5\extentreports-5.0.5.jar;C:\Users\raksarka\.m2\repository\io\reactivex\rxjava3\rxjava\3.0.4\rxjava-3.0.4.jar;C:\Users\raksarka\.m2\repository\org\reactivestreams\reactive-streams\1.0.3\reactive-streams-1.0.3.jar;C:\Users\raksarka\.m2\repository\org\freemarker\freemarker\2.3.30\freemarker-2.3.30.jar;C:\Users\raksarka\.m2\repository\com\google\code\gson\gson\2.8.6\gson-2.8.6.jar;C:\Users\raksarka\.m2\repository\io\rest-assured\json-schema-validator\4.4.0\json-schema-validator-4.4.0.jar;C:\Users\raksarka\.m2\repository\com\github\java-json-tools\json-schema-validator\2.2.14\json-schema-validator-2.2.14.jar;C:\Users\raksarka\.m2\repository\com\google\guava\guava\28.2-android\guava-28.2-android.jar;C:\Users\raksarka\.m2\repository\com\google\guava\failureaccess\1.0.1\failureaccess-1.0.1.jar;C:\Users\raksarka\.m2\repository\com\google\guava\listenablefuture\9999.0-empty-to-avoid-conflict-with-guava\listenablefuture-9999.0-empty-to-avoid-conflict-with-guava.jar;C:\Users\raksarka\.m2\repository\org\checkerframework\checker-compat-qual\2.5.5\checker-compat-qual-2.5.5.jar;C:\Users\raksarka\.m2\repository\com\google\errorprone\error_prone_annotations\2.3.4\error_prone_annotations-2.3.4.jar;C:\Users\raksarka\.m2\repository\com\google\j2objc\j2objc-annotations\1.3\j2objc-annotations-1.3.jar;C:\Users\raksarka\.m2\repository\com\github\java-json-tools\jackson-coreutils-equivalence\1.0\jackson-coreutils-equivalence-1.0.jar;C:\Users\raksarka\.m2\repository\com\github\java-json-tools\jackson-coreutils\2.0\jackson-coreutils-2.0.jar;C:\Users\raksarka\.m2\repository\com\github\java-json-tools\msg-simple\1.2\msg-simple-1.2.jar;C:\Users\raksarka\.m2\repository\com\github\java-json-tools\btf\1.3\btf-1.3.jar;C:\Users\raksarka\.m2\repository\com\github\java-json-tools\json-schema-core\1.2.14\json-schema-core-1.2.14.jar;C:\Users\raksarka\.m2\repository\com\github\java-json-tools\uri-template\0.10\uri-template-0.10.jar;C:\Users\raksarka\.m2\repository\org\mozilla\rhino\1.7.7.2\rhino-1.7.7.2.jar;C:\Users\raksarka\.m2\repository\com\sun\mail\mailapi\1.6.2\mailapi-1.6.2.jar;C:\Users\raksarka\.m2\repository\joda-time\joda-time\2.10.5\joda-time-2.10.5.jar;C:\Users\raksarka\.m2\repository\com\googlecode\libphonenumber\libphonenumber\8.11.1\libphonenumber-8.11.1.jar;C:\Users\raksarka\.m2\repository\com\google\code\findbugs\jsr305\3.0.2\jsr305-3.0.2.jar;C:\Users\raksarka\.m2\repository\net\sf\jopt-simple\jopt-simple\5.0.4\jopt-simple-5.0.4.jar;C:\Users\raksarka\.m2\repository\com\fasterxml\jackson\core\jackson-databind\2.13.0-rc1\jackson-databind-2.13.0-rc1.jar;C:\Users\raksarka\.m2\repository\com\fasterxml\jackson\core\jackson-annotations\2.13.0-rc1\jackson-annotations-2.13.0-rc1.jar;C:\Users\raksarka\.m2\repository\com\fasterxml\jackson\core\jackson-core\2.13.0-rc1\jackson-core-2.13.0-rc1.jar;C:\Users\raksarka\.m2\repository\org\json\json\20210307\json-20210307.jar;C:\Users\raksarka\.m2\repository\org\projectlombok\lombok\1.18.20\lombok-1.18.20.jar;C:\Users\raksarka\.m2\repository\commons-io\commons-io\2.11.0\commons-io-2.11.0.jar;C:\Users\raksarka\.m2\repository\com\github\javafaker\javafaker\1.0.2\javafaker-1.0.2.jar;C:\Users\raksarka\.m2\repository\org\apache\commons\commons-lang3\3.5\commons-lang3-3.5.jar;C:\Users\raksarka\.m2\repository\org\yaml\snakeyaml\1.23\snakeyaml-1.23-android.jar;C:\Users\raksarka\.m2\repository\com\github\mifmif\generex\1.0.2\generex-1.0.2.jar;C:\Users\raksarka\.m2\repository\dk\brics\automaton\automaton\1.11-8\automaton-1.11-8.jar;"/>
    <property name="sun.cpu.endian" value="little"/>
    <property name="user.home" value="C:\Users\raksarka"/>
    <property name="user.language" value="en"/>
    <property name="java.specification.vendor" value="Oracle Corporation"/>
    <property name="java.home" value="C:\Program Files\Java\jdk1.8.0_202\jre"/>
    <property name="basedir" value="C:\Users\raksarka\eclipse-workspace\FrameworkAPI"/>
    <property name="file.separator" value="\"/>
    <property name="line.separator" value="&#10;"/>
    <property name="java.vm.specification.vendor" value="Oracle Corporation"/>
    <property name="java.specification.name" value="Java Platform API Specification"/>
    <property name="java.awt.graphicsenv" value="sun.awt.Win32GraphicsEnvironment"/>
    <property name="surefire.real.class.path" value="C:\Users\raksarka\AppData\Local\Temp\surefire5817702207245188320\surefirebooter7315223984627314580.jar"/>
    <property name="sun.boot.class.path" value="C:\Program Files\Java\jdk1.8.0_202\jre\lib\resources.jar;C:\Program Files\Java\jdk1.8.0_202\jre\lib\rt.jar;C:\Program Files\Java\jdk1.8.0_202\jre\lib\sunrsasign.jar;C:\Program Files\Java\jdk1.8.0_202\jre\lib\jsse.jar;C:\Program Files\Java\jdk1.8.0_202\jre\lib\jce.jar;C:\Program Files\Java\jdk1.8.0_202\jre\lib\charsets.jar;C:\Program Files\Java\jdk1.8.0_202\jre\lib\jfr.jar;C:\Program Files\Java\jdk1.8.0_202\jre\classes"/>
    <property name="user.script" value=""/>
    <property name="sun.management.compiler" value="HotSpot 64-Bit Tiered Compilers"/>
    <property name="java.runtime.version" value="1.8.0_202-b08"/>
    <property name="user.name" value="raksarka"/>
    <property name="path.separator" value=";"/>
    <property name="os.version" value="10.0"/>
    <property name="java.endorsed.dirs" value="C:\Program Files\Java\jdk1.8.0_202\jre\lib\endorsed"/>
    <property name="java.runtime.name" value="Java(TM) SE Runtime Environment"/>
    <property name="file.encoding" value="Cp1252"/>
    <property name="java.vm.name" value="Java HotSpot(TM) 64-Bit Server VM"/>
    <property name="localRepository" value="C:\Users\raksarka\.m2\repository"/>
    <property name="java.vendor.url.bug" value="http://bugreport.sun.com/bugreport/"/>
    <property name="java.io.tmpdir" value="C:\Users\raksarka\AppData\Local\Temp\"/>
    <property name="java.version" value="1.8.0_202"/>
    <property name="user.dir" value="C:\Users\raksarka\eclipse-workspace\FrameworkAPI"/>
    <property name="os.arch" value="amd64"/>
    <property name="java.vm.specification.name" value="Java Virtual Machine Specification"/>
    <property name="java.awt.printerjob" value="sun.awt.windows.WPrinterJob"/>
    <property name="sun.os.patch.level" value=""/>
    <property name="java.library.path" value="C:\Program Files\Java\jdk1.8.0_202\jre\bin;C:\WINDOWS\Sun\Java\bin;C:\WINDOWS\system32;C:\WINDOWS;C:\Program Files (x86)\TRICENTIS\Tosca Testsuite\ToscaCommander;;C:\WINDOWS\system32;C:\WINDOWS;C:\WINDOWS\System32\Wbem;C:\WINDOWS\System32\WindowsPowerShell\v1.0\;C:\WINDOWS\System32\OpenSSH\;C:\Program Files\Java\jdk1.8.0_202\bin;C:\Program Files\Java\jre1.8.0_202\bin;C:\Program Files\Git\cmd;C:\apache-maven-3.9.1\bin;C:\Program Files\nodejs;C:\Users\raksarka\AppData\Local\Programs\Python\Python311;C:\Users\raksarka\AppData\Local\Programs\Python\Python311\Scripts;C:\ELK_Stacks\kibana-8.10.1\bin;C:\ELK_Stacks\elasticsearch\elasticsearch-8.10.1\bin;C:\ELK_Stacks\logstash\logstash-8.10.1\bin;C:\Program Files\dotnet\;C:\Program Files\MySQL\MySQL Shell 8.0\bin\;C:\Users\raksarka\AppData\Local\Microsoft\WindowsApps;C:\Program Files\Java\jdk1.8.0_202\bin;C:\Program Files\Java\jre1.8.0_202\bin;C:\Users\raksarka\AppData\Local\JetBrains\Toolbox\scripts;C:\Users\raksarka\AppData\Local\Programs\Microsoft VS Code\bin;C:\Users\raksarka\AppData\Local\GitHubDesktop\bin;C:\Program Files\nodejs;C:\Users\raksarka\AppData\Local\Mozilla Firefox;;."/>
    <property name="java.vm.info" value="mixed mode"/>
    <property name="java.vendor" value="Oracle Corporation"/>
    <property name="java.vm.version" value="25.202-b08"/>
    <property name="java.ext.dirs" value="C:\Program Files\Java\jdk1.8.0_202\jre\lib\ext;C:\WINDOWS\Sun\Java\lib\ext"/>
    <property name="sun.io.unicode.encoding" value="UnicodeLittle"/>
    <property name="java.class.version" value="52.0"/>
  </properties>
  <testcase name="createModuleTestDB" classname="com.qa.tests.TestRunner" time="33.381">
    <system-out><![CDATA[lovcal time is 2023-10-09T12:58:20.223Z
Request method:	POST
Request URI:	http://localhost:9200/regression/_doc
Proxy:			<none>
Request params:	<none>
Query params:	<none>
Form params:	<none>
Path params:	<none>
Headers:		Authorization=Basic ZWxhc3RpYzplbGFzdGlj
				Accept=*/*
				Content-Type=application/json
Cookies:		<none>
Multiparts:		<none>
Body:
{
    "executionTime": "2023-10-09T12:58:20.223Z",
    "reason": "DB issue",
    "author": "raktim",
    "module": "Andalax",
    "Error": "DB server is not up & running",
    "testname": "testcase5442",
    "status": "fail"
}
HTTP/1.1 201 Created
Location: /regression/_doc/PRSEFIsB_b1p-kxKYmr-
X-elastic-product: Elasticsearch
content-type: application/json
content-encoding: gzip
content-length: 161

{
    "_index": "regression",
    "_id": "PRSEFIsB_b1p-kxKYmr-",
    "_version": 1,
    "result": "created",
    "_shards": {
        "total": 2,
        "successful": 1,
        "failed": 0
    },
    "_seq_no": 448,
    "_primary_term": 2
}
]]></system-out>
  </testcase>
  <testcase name="createModuleTestDB" classname="com.qa.tests.TestRunner" time="30.072">
    <system-out><![CDATA[lovcal time is 2023-10-09T12:58:53.071Z
Request method:	POST
Request URI:	http://localhost:9200/regression/_doc
Proxy:			<none>
Request params:	<none>
Query params:	<none>
Form params:	<none>
Path params:	<none>
Headers:		Authorization=Basic ZWxhc3RpYzplbGFzdGlj
				Accept=*/*
				Content-Type=application/json
Cookies:		<none>
Multiparts:		<none>
Body:
{
    "executionTime": "2023-10-09T12:58:53.071Z",
    "reason": "DB issue",
    "author": "raktim",
    "module": "Flexidy",
    "Error": "DB server is not up & running",
    "testname": "testcase1306",
    "status": "fail"
}
HTTP/1.1 201 Created
Location: /regression/_doc/PhSEFIsB_b1p-kxK22oq
X-elastic-product: Elasticsearch
content-type: application/json
content-encoding: gzip
content-length: 160

{
    "_index": "regression",
    "_id": "PhSEFIsB_b1p-kxK22oq",
    "_version": 1,
    "result": "created",
    "_shards": {
        "total": 2,
        "successful": 1,
        "failed": 0
    },
    "_seq_no": 449,
    "_primary_term": 2
}
]]></system-out>
  </testcase>
  <testcase name="createModuleTestDB" classname="com.qa.tests.TestRunner" time="30.054">
    <system-out><![CDATA[lovcal time is 2023-10-09T12:59:23.150Z
Request method:	POST
Request URI:	http://localhost:9200/regression/_doc
Proxy:			<none>
Request params:	<none>
Query params:	<none>
Form params:	<none>
Path params:	<none>
Headers:		Authorization=Basic ZWxhc3RpYzplbGFzdGlj
				Accept=*/*
				Content-Type=application/json
Cookies:		<none>
Multiparts:		<none>
Body:
{
    "executionTime": "2023-10-09T12:59:23.150Z",
    "reason": "DB issue",
    "author": "raktim",
    "module": "Job",
    "Error": "DB server is not up & running",
    "testname": "testcase5912",
    "status": "fail"
}
HTTP/1.1 201 Created
Location: /regression/_doc/PxSFFIsB_b1p-kxKUGqi
X-elastic-product: Elasticsearch
content-type: application/json
content-encoding: gzip
content-length: 160

{
    "_index": "regression",
    "_id": "PxSFFIsB_b1p-kxKUGqi",
    "_version": 1,
    "result": "created",
    "_shards": {
        "total": 2,
        "successful": 1,
        "failed": 0
    },
    "_seq_no": 450,
    "_primary_term": 2
}
]]></system-out>
  </testcase>
  <testcase name="createModuleTestDB" classname="com.qa.tests.TestRunner" time="30.059">
    <system-out><![CDATA[lovcal time is 2023-10-09T12:59:53.199Z
Request method:	POST
Request URI:	http://localhost:9200/regression/_doc
Proxy:			<none>
Request params:	<none>
Query params:	<none>
Form params:	<none>
Path params:	<none>
Headers:		Authorization=Basic ZWxhc3RpYzplbGFzdGlj
				Accept=*/*
				Content-Type=application/json
Cookies:		<none>
Multiparts:		<none>
Body:
{
    "executionTime": "2023-10-09T12:59:53.199Z",
    "reason": "DB issue",
    "author": "raktim",
    "module": "Treeflex",
    "Error": "DB server is not up & running",
    "testname": "testcase9091",
    "status": "fail"
}
HTTP/1.1 201 Created
Location: /regression/_doc/QBSFFIsB_b1p-kxKxmoL
X-elastic-product: Elasticsearch
content-type: application/json
content-encoding: gzip
content-length: 160

{
    "_index": "regression",
    "_id": "QBSFFIsB_b1p-kxKxmoL",
    "_version": 1,
    "result": "created",
    "_shards": {
        "total": 2,
        "successful": 1,
        "failed": 0
    },
    "_seq_no": 451,
    "_primary_term": 2
}
]]></system-out>
  </testcase>
  <testcase name="createModuleTestDB" classname="com.qa.tests.TestRunner" time="30.058">
    <system-out><![CDATA[lovcal time is 2023-10-09T13:00:23.259Z
Request method:	POST
Request URI:	http://localhost:9200/regression/_doc
Proxy:			<none>
Request params:	<none>
Query params:	<none>
Form params:	<none>
Path params:	<none>
Headers:		Authorization=Basic ZWxhc3RpYzplbGFzdGlj
				Accept=*/*
				Content-Type=application/json
Cookies:		<none>
Multiparts:		<none>
Body:
{
    "executionTime": "2023-10-09T13:00:23.259Z",
    "reason": "DB issue",
    "author": "raktim",
    "module": "Keylex",
    "Error": "DB server is not up & running",
    "testname": "testcase409",
    "status": "fail"
}
HTTP/1.1 201 Created
Location: /regression/_doc/QRSGFIsB_b1p-kxKO2po
X-elastic-product: Elasticsearch
content-type: application/json
content-encoding: gzip
content-length: 160

{
    "_index": "regression",
    "_id": "QRSGFIsB_b1p-kxKO2po",
    "_version": 1,
    "result": "created",
    "_shards": {
        "total": 2,
        "successful": 1,
        "failed": 0
    },
    "_seq_no": 452,
    "_primary_term": 2
}
]]></system-out>
  </testcase>
  <testcase name="createModuleTestDB" classname="com.qa.tests.TestRunner" time="30.07">
    <system-out><![CDATA[lovcal time is 2023-10-09T13:00:53.316Z
Request method:	POST
Request URI:	http://localhost:9200/regression/_doc
Proxy:			<none>
Request params:	<none>
Query params:	<none>
Form params:	<none>
Path params:	<none>
Headers:		Authorization=Basic ZWxhc3RpYzplbGFzdGlj
				Accept=*/*
				Content-Type=application/json
Cookies:		<none>
Multiparts:		<none>
Body:
{
    "executionTime": "2023-10-09T13:00:53.316Z",
    "reason": "DB issue",
    "author": "raktim",
    "module": "Tin",
    "Error": "DB server is not up & running",
    "testname": "testcase679",
    "status": "fail"
}
HTTP/1.1 201 Created
Location: /regression/_doc/QhSGFIsB_b1p-kxKsGrZ
X-elastic-product: Elasticsearch
content-type: application/json
content-encoding: gzip
content-length: 161

{
    "_index": "regression",
    "_id": "QhSGFIsB_b1p-kxKsGrZ",
    "_version": 1,
    "result": "created",
    "_shards": {
        "total": 2,
        "successful": 1,
        "failed": 0
    },
    "_seq_no": 453,
    "_primary_term": 2
}
]]></system-out>
  </testcase>
  <testcase name="createModuleTestFunctional" classname="com.qa.tests.TestRunner" time="30.045">
    <system-out><![CDATA[lovcal time is 2023-10-09T13:01:23.384Z
Request method:	POST
Request URI:	http://localhost:9200/regression/_doc
Proxy:			<none>
Request params:	<none>
Query params:	<none>
Form params:	<none>
Path params:	<none>
Headers:		Authorization=Basic ZWxhc3RpYzplbGFzdGlj
				Accept=*/*
				Content-Type=application/json
Cookies:		<none>
Multiparts:		<none>
Body:
{
    "executionTime": "2023-10-09T13:01:23.384Z",
    "reason": "Functional issue",
    "author": "raktim",
    "module": "Daltfresh",
    "Error": "API is breaking",
    "testname": "testcase2784",
    "status": "fail"
}
HTTP/1.1 201 Created
Location: /regression/_doc/QxSHFIsB_b1p-kxKJmpI
X-elastic-product: Elasticsearch
content-type: application/json
content-encoding: gzip
content-length: 160

{
    "_index": "regression",
    "_id": "QxSHFIsB_b1p-kxKJmpI",
    "_version": 1,
    "result": "created",
    "_shards": {
        "total": 2,
        "successful": 1,
        "failed": 0
    },
    "_seq_no": 454,
    "_primary_term": 2
}
]]></system-out>
  </testcase>
  <testcase name="createModuleTestFunctional" classname="com.qa.tests.TestRunner" time="30.069">
    <system-out><![CDATA[lovcal time is 2023-10-09T13:01:53.431Z
Request method:	POST
Request URI:	http://localhost:9200/regression/_doc
Proxy:			<none>
Request params:	<none>
Query params:	<none>
Form params:	<none>
Path params:	<none>
Headers:		Authorization=Basic ZWxhc3RpYzplbGFzdGlj
				Accept=*/*
				Content-Type=application/json
Cookies:		<none>
Multiparts:		<none>
Body:
{
    "executionTime": "2023-10-09T13:01:53.431Z",
    "reason": "Functional issue",
    "author": "raktim",
    "module": "It",
    "Error": "API is breaking",
    "testname": "testcase6645",
    "status": "fail"
}
HTTP/1.1 201 Created
Location: /regression/_doc/RBSHFIsB_b1p-kxKm2qn
X-elastic-product: Elasticsearch
content-type: application/json
content-encoding: gzip
content-length: 159

{
    "_index": "regression",
    "_id": "RBSHFIsB_b1p-kxKm2qn",
    "_version": 1,
    "result": "created",
    "_shards": {
        "total": 2,
        "successful": 1,
        "failed": 0
    },
    "_seq_no": 455,
    "_primary_term": 2
}
]]></system-out>
  </testcase>
  <testcase name="createModuleTestFunctional" classname="com.qa.tests.TestRunner" time="30.081">
    <system-out><![CDATA[lovcal time is 2023-10-09T13:02:23.494Z
Request method:	POST
Request URI:	http://localhost:9200/regression/_doc
Proxy:			<none>
Request params:	<none>
Query params:	<none>
Form params:	<none>
Path params:	<none>
Headers:		Authorization=Basic ZWxhc3RpYzplbGFzdGlj
				Accept=*/*
				Content-Type=application/json
Cookies:		<none>
Multiparts:		<none>
Body:
{
    "executionTime": "2023-10-09T13:02:23.494Z",
    "reason": "Functional issue",
    "author": "raktim",
    "module": "Bigtax",
    "Error": "API is breaking",
    "testname": "testcase6076",
    "status": "fail"
}
HTTP/1.1 201 Created
Location: /regression/_doc/RRSIFIsB_b1p-kxKEWoZ
X-elastic-product: Elasticsearch
content-type: application/json
content-encoding: gzip
content-length: 162

{
    "_index": "regression",
    "_id": "RRSIFIsB_b1p-kxKEWoZ",
    "_version": 1,
    "result": "created",
    "_shards": {
        "total": 2,
        "successful": 1,
        "failed": 0
    },
    "_seq_no": 456,
    "_primary_term": 2
}
]]></system-out>
  </testcase>
  <testcase name="createModuleTestFunctional" classname="com.qa.tests.TestRunner" time="30.057">
    <system-out><![CDATA[lovcal time is 2023-10-09T13:02:53.569Z
Request method:	POST
Request URI:	http://localhost:9200/regression/_doc
Proxy:			<none>
Request params:	<none>
Query params:	<none>
Form params:	<none>
Path params:	<none>
Headers:		Authorization=Basic ZWxhc3RpYzplbGFzdGlj
				Accept=*/*
				Content-Type=application/json
Cookies:		<none>
Multiparts:		<none>
Body:
{
    "executionTime": "2023-10-09T13:02:53.569Z",
    "reason": "Functional issue",
    "author": "raktim",
    "module": "Keylex",
    "Error": "API is breaking",
    "testname": "testcase133",
    "status": "fail"
}
HTTP/1.1 201 Created
Location: /regression/_doc/RhSIFIsB_b1p-kxKhmqo
X-elastic-product: Elasticsearch
content-type: application/json
content-encoding: gzip
content-length: 160

{
    "_index": "regression",
    "_id": "RhSIFIsB_b1p-kxKhmqo",
    "_version": 1,
    "result": "created",
    "_shards": {
        "total": 2,
        "successful": 1,
        "failed": 0
    },
    "_seq_no": 457,
    "_primary_term": 2
}
]]></system-out>
  </testcase>
  <testcase name="createModuleTestFunctional" classname="com.qa.tests.TestRunner" time="30.078">
    <system-out><![CDATA[lovcal time is 2023-10-09T13:03:23.639Z
Request method:	POST
Request URI:	http://localhost:9200/regression/_doc
Proxy:			<none>
Request params:	<none>
Query params:	<none>
Form params:	<none>
Path params:	<none>
Headers:		Authorization=Basic ZWxhc3RpYzplbGFzdGlj
				Accept=*/*
				Content-Type=application/json
Cookies:		<none>
Multiparts:		<none>
Body:
{
    "executionTime": "2023-10-09T13:03:23.639Z",
    "reason": "Functional issue",
    "author": "raktim",
    "module": "Sonsing",
    "Error": "API is breaking",
    "testname": "testcase1703",
    "status": "fail"
}
HTTP/1.1 201 Created
Location: /regression/_doc/RxSIFIsB_b1p-kxK_GoE
X-elastic-product: Elasticsearch
content-type: application/json
content-encoding: gzip
content-length: 160

{
    "_index": "regression",
    "_id": "RxSIFIsB_b1p-kxK_GoE",
    "_version": 1,
    "result": "created",
    "_shards": {
        "total": 2,
        "successful": 1,
        "failed": 0
    },
    "_seq_no": 458,
    "_primary_term": 2
}
]]></system-out>
  </testcase>
  <testcase name="createModuleTestSuccessForCheckout" classname="com.qa.tests.TestRunner" time="30.051">
    <system-out><![CDATA[Request method:	POST
Request URI:	http://localhost:9200/regression/_doc
Proxy:			<none>
Request params:	<none>
Query params:	<none>
Form params:	<none>
Path params:	<none>
Headers:		Authorization=Basic ZWxhc3RpYzplbGFzdGlj
				Accept=*/*
				Content-Type=application/json
Cookies:		<none>
Multiparts:		<none>
Body:
{
    "executionTime": "2023-10-09T13:03:53.706Z",
    "reason": "",
    "author": "raktim sarkar",
    "module": "checkout",
    "Error": "",
    "testname": "testcase404",
    "status": "pass"
}
HTTP/1.1 201 Created
Location: /regression/_doc/SBSJFIsB_b1p-kxKcWp5
X-elastic-product: Elasticsearch
content-type: application/json
content-encoding: gzip
content-length: 160

{
    "_index": "regression",
    "_id": "SBSJFIsB_b1p-kxKcWp5",
    "_version": 1,
    "result": "created",
    "_shards": {
        "total": 2,
        "successful": 1,
        "failed": 0
    },
    "_seq_no": 459,
    "_primary_term": 2
}
]]></system-out>
  </testcase>
  <testcase name="createModuleTestSuccessForCheckout" classname="com.qa.tests.TestRunner" time="30.213">
    <system-out><![CDATA[Request method:	POST
Request URI:	http://localhost:9200/regression/_doc
Proxy:			<none>
Request params:	<none>
Query params:	<none>
Form params:	<none>
Path params:	<none>
Headers:		Authorization=Basic ZWxhc3RpYzplbGFzdGlj
				Accept=*/*
				Content-Type=application/json
Cookies:		<none>
Multiparts:		<none>
Body:
{
    "executionTime": "2023-10-09T13:04:23.763Z",
    "reason": "",
    "author": "raktim sarkar",
    "module": "checkout",
    "Error": "",
    "testname": "testcase162",
    "status": "pass"
}
HTTP/1.1 201 Created
Location: /regression/_doc/SRSJFIsB_b1p-kxK5mrv
X-elastic-product: Elasticsearch
content-type: application/json
content-encoding: gzip
content-length: 160

{
    "_index": "regression",
    "_id": "SRSJFIsB_b1p-kxK5mrv",
    "_version": 1,
    "result": "created",
    "_shards": {
        "total": 2,
        "successful": 1,
        "failed": 0
    },
    "_seq_no": 460,
    "_primary_term": 2
}
]]></system-out>
  </testcase>
  <testcase name="createModuleTestSuccessForCheckout" classname="com.qa.tests.TestRunner" time="30.097">
    <system-out><![CDATA[Request method:	POST
Request URI:	http://localhost:9200/regression/_doc
Proxy:			<none>
Request params:	<none>
Query params:	<none>
Form params:	<none>
Path params:	<none>
Headers:		Authorization=Basic ZWxhc3RpYzplbGFzdGlj
				Accept=*/*
				Content-Type=application/json
Cookies:		<none>
Multiparts:		<none>
Body:
{
    "executionTime": "2023-10-09T13:04:53.972Z",
    "reason": "",
    "author": "raktim sarkar",
    "module": "checkout",
    "Error": "",
    "testname": "testcase157",
    "status": "pass"
}
HTTP/1.1 201 Created
Location: /regression/_doc/ShSKFIsB_b1p-kxKXGrr
X-elastic-product: Elasticsearch
content-type: application/json
content-encoding: gzip
content-length: 159

{
    "_index": "regression",
    "_id": "ShSKFIsB_b1p-kxKXGrr",
    "_version": 1,
    "result": "created",
    "_shards": {
        "total": 2,
        "successful": 1,
        "failed": 0
    },
    "_seq_no": 461,
    "_primary_term": 2
}
]]></system-out>
  </testcase>
  <testcase name="createModuleTestSuccessForCheckout" classname="com.qa.tests.TestRunner" time="30.097">
    <system-out><![CDATA[Request method:	POST
Request URI:	http://localhost:9200/regression/_doc
Proxy:			<none>
Request params:	<none>
Query params:	<none>
Form params:	<none>
Path params:	<none>
Headers:		Authorization=Basic ZWxhc3RpYzplbGFzdGlj
				Accept=*/*
				Content-Type=application/json
Cookies:		<none>
Multiparts:		<none>
Body:
{
    "executionTime": "2023-10-09T13:05:24.065Z",
    "reason": "",
    "author": "raktim sarkar",
    "module": "checkout",
    "Error": "",
    "testname": "testcase559",
    "status": "pass"
}
HTTP/1.1 201 Created
Location: /regression/_doc/SxSKFIsB_b1p-kxK0mp7
X-elastic-product: Elasticsearch
content-type: application/json
content-encoding: gzip
content-length: 159

{
    "_index": "regression",
    "_id": "SxSKFIsB_b1p-kxK0mp7",
    "_version": 1,
    "result": "created",
    "_shards": {
        "total": 2,
        "successful": 1,
        "failed": 0
    },
    "_seq_no": 462,
    "_primary_term": 2
}
]]></system-out>
  </testcase>
  <testcase name="createModuleTestSuccessForCheckout" classname="com.qa.tests.TestRunner" time="30.099">
    <system-out><![CDATA[Request method:	POST
Request URI:	http://localhost:9200/regression/_doc
Proxy:			<none>
Request params:	<none>
Query params:	<none>
Form params:	<none>
Path params:	<none>
Headers:		Authorization=Basic ZWxhc3RpYzplbGFzdGlj
				Accept=*/*
				Content-Type=application/json
Cookies:		<none>
Multiparts:		<none>
Body:
{
    "executionTime": "2023-10-09T13:05:54.164Z",
    "reason": "",
    "author": "raktim sarkar",
    "module": "checkout",
    "Error": "",
    "testname": "testcase956",
    "status": "pass"
}
HTTP/1.1 201 Created
Location: /regression/_doc/TBSLFIsB_b1p-kxKSGom
X-elastic-product: Elasticsearch
content-type: application/json
content-encoding: gzip
content-length: 160

{
    "_index": "regression",
    "_id": "TBSLFIsB_b1p-kxKSGom",
    "_version": 1,
    "result": "created",
    "_shards": {
        "total": 2,
        "successful": 1,
        "failed": 0
    },
    "_seq_no": 463,
    "_primary_term": 2
}
]]></system-out>
  </testcase>
  <testcase name="createModuleTestSuccessForCheckout" classname="com.qa.tests.TestRunner" time="30.061">
    <system-out><![CDATA[Request method:	POST
Request URI:	http://localhost:9200/regression/_doc
Proxy:			<none>
Request params:	<none>
Query params:	<none>
Form params:	<none>
Path params:	<none>
Headers:		Authorization=Basic ZWxhc3RpYzplbGFzdGlj
				Accept=*/*
				Content-Type=application/json
Cookies:		<none>
Multiparts:		<none>
Body:
{
    "executionTime": "2023-10-09T13:06:24.268Z",
    "reason": "",
    "author": "raktim sarkar",
    "module": "checkout",
    "Error": "",
    "testname": "testcase628",
    "status": "pass"
}
HTTP/1.1 201 Created
Location: /regression/_doc/TRSLFIsB_b1p-kxKvWqd
X-elastic-product: Elasticsearch
content-type: application/json
content-encoding: gzip
content-length: 161

{
    "_index": "regression",
    "_id": "TRSLFIsB_b1p-kxKvWqd",
    "_version": 1,
    "result": "created",
    "_shards": {
        "total": 2,
        "successful": 1,
        "failed": 0
    },
    "_seq_no": 464,
    "_primary_term": 2
}
]]></system-out>
  </testcase>
  <testcase name="createModuleTestSuccessForCheckout" classname="com.qa.tests.TestRunner" time="30.069">
    <system-out><![CDATA[Request method:	POST
Request URI:	http://localhost:9200/regression/_doc
Proxy:			<none>
Request params:	<none>
Query params:	<none>
Form params:	<none>
Path params:	<none>
Headers:		Authorization=Basic ZWxhc3RpYzplbGFzdGlj
				Accept=*/*
				Content-Type=application/json
Cookies:		<none>
Multiparts:		<none>
Body:
{
    "executionTime": "2023-10-09T13:06:54.322Z",
    "reason": "",
    "author": "raktim sarkar",
    "module": "checkout",
    "Error": "",
    "testname": "testcase367",
    "status": "pass"
}
HTTP/1.1 201 Created
Location: /regression/_doc/ThSMFIsB_b1p-kxKM2oL
X-elastic-product: Elasticsearch
content-type: application/json
content-encoding: gzip
content-length: 160

{
    "_index": "regression",
    "_id": "ThSMFIsB_b1p-kxKM2oL",
    "_version": 1,
    "result": "created",
    "_shards": {
        "total": 2,
        "successful": 1,
        "failed": 0
    },
    "_seq_no": 465,
    "_primary_term": 2
}
]]></system-out>
  </testcase>
  <testcase name="createModuleTestSuccessForCheckout" classname="com.qa.tests.TestRunner" time="30.063">
    <system-out><![CDATA[Request method:	POST
Request URI:	http://localhost:9200/regression/_doc
Proxy:			<none>
Request params:	<none>
Query params:	<none>
Form params:	<none>
Path params:	<none>
Headers:		Authorization=Basic ZWxhc3RpYzplbGFzdGlj
				Accept=*/*
				Content-Type=application/json
Cookies:		<none>
Multiparts:		<none>
Body:
{
    "executionTime": "2023-10-09T13:07:24.395Z",
    "reason": "",
    "author": "raktim sarkar",
    "module": "checkout",
    "Error": "",
    "testname": "testcase52",
    "status": "pass"
}
HTTP/1.1 201 Created
Location: /regression/_doc/TxSMFIsB_b1p-kxKqGqA
X-elastic-product: Elasticsearch
content-type: application/json
content-encoding: gzip
content-length: 161

{
    "_index": "regression",
    "_id": "TxSMFIsB_b1p-kxKqGqA",
    "_version": 1,
    "result": "created",
    "_shards": {
        "total": 2,
        "successful": 1,
        "failed": 0
    },
    "_seq_no": 466,
    "_primary_term": 2
}
]]></system-out>
  </testcase>
  <testcase name="createModuleTestSuccessForCheckout" classname="com.qa.tests.TestRunner" time="30.066">
    <system-out><![CDATA[Request method:	POST
Request URI:	http://localhost:9200/regression/_doc
Proxy:			<none>
Request params:	<none>
Query params:	<none>
Form params:	<none>
Path params:	<none>
Headers:		Authorization=Basic ZWxhc3RpYzplbGFzdGlj
				Accept=*/*
				Content-Type=application/json
Cookies:		<none>
Multiparts:		<none>
Body:
{
    "executionTime": "2023-10-09T13:07:54.462Z",
    "reason": "",
    "author": "raktim sarkar",
    "module": "checkout",
    "Error": "",
    "testname": "testcase247",
    "status": "pass"
}
HTTP/1.1 201 Created
Location: /regression/_doc/UBSNFIsB_b1p-kxKHWrr
X-elastic-product: Elasticsearch
content-type: application/json
content-encoding: gzip
content-length: 161

{
    "_index": "regression",
    "_id": "UBSNFIsB_b1p-kxKHWrr",
    "_version": 1,
    "result": "created",
    "_shards": {
        "total": 2,
        "successful": 1,
        "failed": 0
    },
    "_seq_no": 467,
    "_primary_term": 2
}
]]></system-out>
  </testcase>
  <testcase name="createModuleTestSuccessForCheckout" classname="com.qa.tests.TestRunner" time="30.074">
    <system-out><![CDATA[Request method:	POST
Request URI:	http://localhost:9200/regression/_doc
Proxy:			<none>
Request params:	<none>
Query params:	<none>
Form params:	<none>
Path params:	<none>
Headers:		Authorization=Basic ZWxhc3RpYzplbGFzdGlj
				Accept=*/*
				Content-Type=application/json
Cookies:		<none>
Multiparts:		<none>
Body:
{
    "executionTime": "2023-10-09T13:08:24.522Z",
    "reason": "",
    "author": "raktim sarkar",
    "module": "checkout",
    "Error": "",
    "testname": "testcase218",
    "status": "pass"
}
HTTP/1.1 201 Created
Location: /regression/_doc/URSNFIsB_b1p-kxKk2ph
X-elastic-product: Elasticsearch
content-type: application/json
content-encoding: gzip
content-length: 161

{
    "_index": "regression",
    "_id": "URSNFIsB_b1p-kxKk2ph",
    "_version": 1,
    "result": "created",
    "_shards": {
        "total": 2,
        "successful": 1,
        "failed": 0
    },
    "_seq_no": 468,
    "_primary_term": 2
}
]]></system-out>
  </testcase>
  <testcase name="createModuleTestSuccessForCheckout" classname="com.qa.tests.TestRunner" time="30.066">
    <system-out><![CDATA[Request method:	POST
Request URI:	http://localhost:9200/regression/_doc
Proxy:			<none>
Request params:	<none>
Query params:	<none>
Form params:	<none>
Path params:	<none>
Headers:		Authorization=Basic ZWxhc3RpYzplbGFzdGlj
				Accept=*/*
				Content-Type=application/json
Cookies:		<none>
Multiparts:		<none>
Body:
{
    "executionTime": "2023-10-09T13:08:54.594Z",
    "reason": "",
    "author": "raktim sarkar",
    "module": "checkout",
    "Error": "",
    "testname": "testcase124",
    "status": "pass"
}
HTTP/1.1 201 Created
Location: /regression/_doc/UhSOFIsB_b1p-kxKCGrY
X-elastic-product: Elasticsearch
content-type: application/json
content-encoding: gzip
content-length: 162

{
    "_index": "regression",
    "_id": "UhSOFIsB_b1p-kxKCGrY",
    "_version": 1,
    "result": "created",
    "_shards": {
        "total": 2,
        "successful": 1,
        "failed": 0
    },
    "_seq_no": 469,
    "_primary_term": 2
}
]]></system-out>
  </testcase>
  <testcase name="createModuleTestSuccessForCheckout" classname="com.qa.tests.TestRunner" time="30.065">
    <system-out><![CDATA[Request method:	POST
Request URI:	http://localhost:9200/regression/_doc
Proxy:			<none>
Request params:	<none>
Query params:	<none>
Form params:	<none>
Path params:	<none>
Headers:		Authorization=Basic ZWxhc3RpYzplbGFzdGlj
				Accept=*/*
				Content-Type=application/json
Cookies:		<none>
Multiparts:		<none>
Body:
{
    "executionTime": "2023-10-09T13:09:24.661Z",
    "reason": "",
    "author": "raktim sarkar",
    "module": "checkout",
    "Error": "",
    "testname": "testcase912",
    "status": "pass"
}
HTTP/1.1 201 Created
Location: /regression/_doc/UxSOFIsB_b1p-kxKfmpI
X-elastic-product: Elasticsearch
content-type: application/json
content-encoding: gzip
content-length: 160

{
    "_index": "regression",
    "_id": "UxSOFIsB_b1p-kxKfmpI",
    "_version": 1,
    "result": "created",
    "_shards": {
        "total": 2,
        "successful": 1,
        "failed": 0
    },
    "_seq_no": 470,
    "_primary_term": 2
}
]]></system-out>
  </testcase>
  <testcase name="createModuleTestSuccessForCheckout" classname="com.qa.tests.TestRunner" time="30.055">
    <system-out><![CDATA[Request method:	POST
Request URI:	http://localhost:9200/regression/_doc
Proxy:			<none>
Request params:	<none>
Query params:	<none>
Form params:	<none>
Path params:	<none>
Headers:		Authorization=Basic ZWxhc3RpYzplbGFzdGlj
				Accept=*/*
				Content-Type=application/json
Cookies:		<none>
Multiparts:		<none>
Body:
{
    "executionTime": "2023-10-09T13:09:54.725Z",
    "reason": "",
    "author": "raktim sarkar",
    "module": "checkout",
    "Error": "",
    "testname": "testcase514",
    "status": "pass"
}
HTTP/1.1 201 Created
Location: /regression/_doc/VBSOFIsB_b1p-kxK82q9
X-elastic-product: Elasticsearch
content-type: application/json
content-encoding: gzip
content-length: 160

{
    "_index": "regression",
    "_id": "VBSOFIsB_b1p-kxK82q9",
    "_version": 1,
    "result": "created",
    "_shards": {
        "total": 2,
        "successful": 1,
        "failed": 0
    },
    "_seq_no": 471,
    "_primary_term": 2
}
]]></system-out>
  </testcase>
  <testcase name="createModuleTestSuccessForCheckout" classname="com.qa.tests.TestRunner" time="30.071">
    <system-out><![CDATA[Request method:	POST
Request URI:	http://localhost:9200/regression/_doc
Proxy:			<none>
Request params:	<none>
Query params:	<none>
Form params:	<none>
Path params:	<none>
Headers:		Authorization=Basic ZWxhc3RpYzplbGFzdGlj
				Accept=*/*
				Content-Type=application/json
Cookies:		<none>
Multiparts:		<none>
Body:
{
    "executionTime": "2023-10-09T13:10:24.785Z",
    "reason": "",
    "author": "raktim sarkar",
    "module": "checkout",
    "Error": "",
    "testname": "testcase861",
    "status": "pass"
}
HTTP/1.1 201 Created
Location: /regression/_doc/VRSPFIsB_b1p-kxKaWoq
X-elastic-product: Elasticsearch
content-type: application/json
content-encoding: gzip
content-length: 161

{
    "_index": "regression",
    "_id": "VRSPFIsB_b1p-kxKaWoq",
    "_version": 1,
    "result": "created",
    "_shards": {
        "total": 2,
        "successful": 1,
        "failed": 0
    },
    "_seq_no": 472,
    "_primary_term": 2
}
]]></system-out>
  </testcase>
  <testcase name="createModuleTestSuccessForCheckout" classname="com.qa.tests.TestRunner" time="30.107">
    <system-out><![CDATA[Request method:	POST
Request URI:	http://localhost:9200/regression/_doc
Proxy:			<none>
Request params:	<none>
Query params:	<none>
Form params:	<none>
Path params:	<none>
Headers:		Authorization=Basic ZWxhc3RpYzplbGFzdGlj
				Accept=*/*
				Content-Type=application/json
Cookies:		<none>
Multiparts:		<none>
Body:
{
    "executionTime": "2023-10-09T13:10:54.851Z",
    "reason": "",
    "author": "raktim sarkar",
    "module": "checkout",
    "Error": "",
    "testname": "testcase137",
    "status": "pass"
}
HTTP/1.1 201 Created
Location: /regression/_doc/VhSPFIsB_b1p-kxK3mqs
X-elastic-product: Elasticsearch
content-type: application/json
content-encoding: gzip
content-length: 161

{
    "_index": "regression",
    "_id": "VhSPFIsB_b1p-kxK3mqs",
    "_version": 1,
    "result": "created",
    "_shards": {
        "total": 2,
        "successful": 1,
        "failed": 0
    },
    "_seq_no": 473,
    "_primary_term": 2
}
]]></system-out>
  </testcase>
  <testcase name="createModuleTestSuccessForCheckout" classname="com.qa.tests.TestRunner" time="30.105">
    <system-out><![CDATA[Request method:	POST
Request URI:	http://localhost:9200/regression/_doc
Proxy:			<none>
Request params:	<none>
Query params:	<none>
Form params:	<none>
Path params:	<none>
Headers:		Authorization=Basic ZWxhc3RpYzplbGFzdGlj
				Accept=*/*
				Content-Type=application/json
Cookies:		<none>
Multiparts:		<none>
Body:
{
    "executionTime": "2023-10-09T13:11:24.949Z",
    "reason": "",
    "author": "raktim sarkar",
    "module": "checkout",
    "Error": "",
    "testname": "testcase201",
    "status": "pass"
}
HTTP/1.1 201 Created
Location: /regression/_doc/VxSQFIsB_b1p-kxKVGpB
X-elastic-product: Elasticsearch
content-type: application/json
content-encoding: gzip
content-length: 161

{
    "_index": "regression",
    "_id": "VxSQFIsB_b1p-kxKVGpB",
    "_version": 1,
    "result": "created",
    "_shards": {
        "total": 2,
        "successful": 1,
        "failed": 0
    },
    "_seq_no": 474,
    "_primary_term": 2
}
]]></system-out>
  </testcase>
  <testcase name="createModuleTestSuccessForCheckout" classname="com.qa.tests.TestRunner" time="30.141">
    <system-out><![CDATA[Request method:	POST
Request URI:	http://localhost:9200/regression/_doc
Proxy:			<none>
Request params:	<none>
Query params:	<none>
Form params:	<none>
Path params:	<none>
Headers:		Authorization=Basic ZWxhc3RpYzplbGFzdGlj
				Accept=*/*
				Content-Type=application/json
Cookies:		<none>
Multiparts:		<none>
Body:
{
    "executionTime": "2023-10-09T13:11:55.065Z",
    "reason": "",
    "author": "raktim sarkar",
    "module": "checkout",
    "Error": "",
    "testname": "testcase77",
    "status": "pass"
}
HTTP/1.1 201 Created
Location: /regression/_doc/WBSQFIsB_b1p-kxKyWrX
X-elastic-product: Elasticsearch
content-type: application/json
content-encoding: gzip
content-length: 161

{
    "_index": "regression",
    "_id": "WBSQFIsB_b1p-kxKyWrX",
    "_version": 1,
    "result": "created",
    "_shards": {
        "total": 2,
        "successful": 1,
        "failed": 0
    },
    "_seq_no": 475,
    "_primary_term": 2
}
]]></system-out>
  </testcase>
  <testcase name="createModuleTestSuccessForCheckout" classname="com.qa.tests.TestRunner" time="30.079">
    <system-out><![CDATA[Request method:	POST
Request URI:	http://localhost:9200/regression/_doc
Proxy:			<none>
Request params:	<none>
Query params:	<none>
Form params:	<none>
Path params:	<none>
Headers:		Authorization=Basic ZWxhc3RpYzplbGFzdGlj
				Accept=*/*
				Content-Type=application/json
Cookies:		<none>
Multiparts:		<none>
Body:
{
    "executionTime": "2023-10-09T13:12:25.152Z",
    "reason": "",
    "author": "raktim sarkar",
    "module": "checkout",
    "Error": "",
    "testname": "testcase250",
    "status": "pass"
}
HTTP/1.1 201 Created
Location: /regression/_doc/WRSRFIsB_b1p-kxKP2pu
X-elastic-product: Elasticsearch
content-type: application/json
content-encoding: gzip
content-length: 161

{
    "_index": "regression",
    "_id": "WRSRFIsB_b1p-kxKP2pu",
    "_version": 1,
    "result": "created",
    "_shards": {
        "total": 2,
        "successful": 1,
        "failed": 0
    },
    "_seq_no": 476,
    "_primary_term": 2
}
]]></system-out>
  </testcase>
  <testcase name="createModuleTestSuccessForCheckout" classname="com.qa.tests.TestRunner" time="30.061">
    <system-out><![CDATA[Request method:	POST
Request URI:	http://localhost:9200/regression/_doc
Proxy:			<none>
Request params:	<none>
Query params:	<none>
Form params:	<none>
Path params:	<none>
Headers:		Authorization=Basic ZWxhc3RpYzplbGFzdGlj
				Accept=*/*
				Content-Type=application/json
Cookies:		<none>
Multiparts:		<none>
Body:
{
    "executionTime": "2023-10-09T13:12:55.276Z",
    "reason": "",
    "author": "raktim sarkar",
    "module": "checkout",
    "Error": "",
    "testname": "testcase256",
    "status": "pass"
}
HTTP/1.1 201 Created
Location: /regression/_doc/WhSRFIsB_b1p-kxKtWoD
X-elastic-product: Elasticsearch
content-type: application/json
content-encoding: gzip
content-length: 160

{
    "_index": "regression",
    "_id": "WhSRFIsB_b1p-kxKtWoD",
    "_version": 1,
    "result": "created",
    "_shards": {
        "total": 2,
        "successful": 1,
        "failed": 0
    },
    "_seq_no": 477,
    "_primary_term": 2
}
]]></system-out>
  </testcase>
  <testcase name="createModuleTestSuccessForCheckout" classname="com.qa.tests.TestRunner" time="30.065">
    <system-out><![CDATA[Request method:	POST
Request URI:	http://localhost:9200/regression/_doc
Proxy:			<none>
Request params:	<none>
Query params:	<none>
Form params:	<none>
Path params:	<none>
Headers:		Authorization=Basic ZWxhc3RpYzplbGFzdGlj
				Accept=*/*
				Content-Type=application/json
Cookies:		<none>
Multiparts:		<none>
Body:
{
    "executionTime": "2023-10-09T13:13:25.346Z",
    "reason": "",
    "author": "raktim sarkar",
    "module": "checkout",
    "Error": "",
    "testname": "testcase289",
    "status": "pass"
}
HTTP/1.1 201 Created
Location: /regression/_doc/WxSSFIsB_b1p-kxKKmp1
X-elastic-product: Elasticsearch
content-type: application/json
content-encoding: gzip
content-length: 160

{
    "_index": "regression",
    "_id": "WxSSFIsB_b1p-kxKKmp1",
    "_version": 1,
    "result": "created",
    "_shards": {
        "total": 2,
        "successful": 1,
        "failed": 0
    },
    "_seq_no": 478,
    "_primary_term": 2
}
]]></system-out>
  </testcase>
  <testcase name="createModuleTestSuccessForCheckout" classname="com.qa.tests.TestRunner" time="30.055">
    <system-out><![CDATA[Request method:	POST
Request URI:	http://localhost:9200/regression/_doc
Proxy:			<none>
Request params:	<none>
Query params:	<none>
Form params:	<none>
Path params:	<none>
Headers:		Authorization=Basic ZWxhc3RpYzplbGFzdGlj
				Accept=*/*
				Content-Type=application/json
Cookies:		<none>
Multiparts:		<none>
Body:
{
    "executionTime": "2023-10-09T13:13:55.413Z",
    "reason": "",
    "author": "raktim sarkar",
    "module": "checkout",
    "Error": "",
    "testname": "testcase958",
    "status": "pass"
}
HTTP/1.1 201 Created
Location: /regression/_doc/XBSSFIsB_b1p-kxKn2rp
X-elastic-product: Elasticsearch
content-type: application/json
content-encoding: gzip
content-length: 160

{
    "_index": "regression",
    "_id": "XBSSFIsB_b1p-kxKn2rp",
    "_version": 1,
    "result": "created",
    "_shards": {
        "total": 2,
        "successful": 1,
        "failed": 0
    },
    "_seq_no": 479,
    "_primary_term": 2
}
]]></system-out>
  </testcase>
  <testcase name="createModuleTestSuccessForCheckout" classname="com.qa.tests.TestRunner" time="30.09">
    <system-out><![CDATA[Request method:	POST
Request URI:	http://localhost:9200/regression/_doc
Proxy:			<none>
Request params:	<none>
Query params:	<none>
Form params:	<none>
Path params:	<none>
Headers:		Authorization=Basic ZWxhc3RpYzplbGFzdGlj
				Accept=*/*
				Content-Type=application/json
Cookies:		<none>
Multiparts:		<none>
Body:
{
    "executionTime": "2023-10-09T13:14:25.470Z",
    "reason": "",
    "author": "raktim sarkar",
    "module": "checkout",
    "Error": "",
    "testname": "testcase888",
    "status": "pass"
}
HTTP/1.1 201 Created
Location: /regression/_doc/XRSTFIsB_b1p-kxKFWpR
X-elastic-product: Elasticsearch
content-type: application/json
content-encoding: gzip
content-length: 161

{
    "_index": "regression",
    "_id": "XRSTFIsB_b1p-kxKFWpR",
    "_version": 1,
    "result": "created",
    "_shards": {
        "total": 2,
        "successful": 1,
        "failed": 0
    },
    "_seq_no": 480,
    "_primary_term": 2
}
]]></system-out>
  </testcase>
  <testcase name="createModuleTestSuccessForCheckout" classname="com.qa.tests.TestRunner" time="30.202">
    <system-out><![CDATA[Request method:	POST
Request URI:	http://localhost:9200/regression/_doc
Proxy:			<none>
Request params:	<none>
Query params:	<none>
Form params:	<none>
Path params:	<none>
Headers:		Authorization=Basic ZWxhc3RpYzplbGFzdGlj
				Accept=*/*
				Content-Type=application/json
Cookies:		<none>
Multiparts:		<none>
Body:
{
    "executionTime": "2023-10-09T13:14:55.556Z",
    "reason": "",
    "author": "raktim sarkar",
    "module": "checkout",
    "Error": "",
    "testname": "testcase277",
    "status": "pass"
}
HTTP/1.1 201 Created
Location: /regression/_doc/XhSTFIsB_b1p-kxKimrZ
X-elastic-product: Elasticsearch
content-type: application/json
content-encoding: gzip
content-length: 160

{
    "_index": "regression",
    "_id": "XhSTFIsB_b1p-kxKimrZ",
    "_version": 1,
    "result": "created",
    "_shards": {
        "total": 2,
        "successful": 1,
        "failed": 0
    },
    "_seq_no": 481,
    "_primary_term": 2
}
]]></system-out>
  </testcase>
  <testcase name="createModuleTestSuccessForCheckout" classname="com.qa.tests.TestRunner" time="29.91">
    <system-out><![CDATA[Request method:	POST
Request URI:	http://localhost:9200/regression/_doc
Proxy:			<none>
Request params:	<none>
Query params:	<none>
Form params:	<none>
Path params:	<none>
Headers:		Authorization=Basic ZWxhc3RpYzplbGFzdGlj
				Accept=*/*
				Content-Type=application/json
Cookies:		<none>
Multiparts:		<none>
Body:
{
    "executionTime": "2023-10-09T13:15:25.627Z",
    "reason": "",
    "author": "raktim sarkar",
    "module": "checkout",
    "Error": "",
    "testname": "testcase139",
    "status": "pass"
}
HTTP/1.1 201 Created
Location: /regression/_doc/XxSUFIsB_b1p-kxKAGpH
X-elastic-product: Elasticsearch
content-type: application/json
content-encoding: gzip
content-length: 161

{
    "_index": "regression",
    "_id": "XxSUFIsB_b1p-kxKAGpH",
    "_version": 1,
    "result": "created",
    "_shards": {
        "total": 2,
        "successful": 1,
        "failed": 0
    },
    "_seq_no": 482,
    "_primary_term": 2
}
]]></system-out>
  </testcase>
  <testcase name="createModuleTestSuccessForCheckout" classname="com.qa.tests.TestRunner" time="30.065">
    <system-out><![CDATA[Request method:	POST
Request URI:	http://localhost:9200/regression/_doc
Proxy:			<none>
Request params:	<none>
Query params:	<none>
Form params:	<none>
Path params:	<none>
Headers:		Authorization=Basic ZWxhc3RpYzplbGFzdGlj
				Accept=*/*
				Content-Type=application/json
Cookies:		<none>
Multiparts:		<none>
Body:
{
    "executionTime": "2023-10-09T13:15:55.665Z",
    "reason": "",
    "author": "raktim sarkar",
    "module": "checkout",
    "Error": "",
    "testname": "testcase831",
    "status": "pass"
}
HTTP/1.1 201 Created
Location: /regression/_doc/YBSUFIsB_b1p-kxKdWqq
X-elastic-product: Elasticsearch
content-type: application/json
content-encoding: gzip
content-length: 161

{
    "_index": "regression",
    "_id": "YBSUFIsB_b1p-kxKdWqq",
    "_version": 1,
    "result": "created",
    "_shards": {
        "total": 2,
        "successful": 1,
        "failed": 0
    },
    "_seq_no": 483,
    "_primary_term": 2
}
]]></system-out>
  </testcase>
  <testcase name="createModuleTestSuccessForCheckout" classname="com.qa.tests.TestRunner" time="30.067">
    <system-out><![CDATA[Request method:	POST
Request URI:	http://localhost:9200/regression/_doc
Proxy:			<none>
Request params:	<none>
Query params:	<none>
Form params:	<none>
Path params:	<none>
Headers:		Authorization=Basic ZWxhc3RpYzplbGFzdGlj
				Accept=*/*
				Content-Type=application/json
Cookies:		<none>
Multiparts:		<none>
Body:
{
    "executionTime": "2023-10-09T13:16:25.731Z",
    "reason": "",
    "author": "raktim sarkar",
    "module": "checkout",
    "Error": "",
    "testname": "testcase249",
    "status": "pass"
}
HTTP/1.1 201 Created
Location: /regression/_doc/YRSUFIsB_b1p-kxK62oh
X-elastic-product: Elasticsearch
content-type: application/json
content-encoding: gzip
content-length: 161

{
    "_index": "regression",
    "_id": "YRSUFIsB_b1p-kxK62oh",
    "_version": 1,
    "result": "created",
    "_shards": {
        "total": 2,
        "successful": 1,
        "failed": 0
    },
    "_seq_no": 484,
    "_primary_term": 2
}
]]></system-out>
  </testcase>
  <testcase name="createModuleTestSuccessForCheckout" classname="com.qa.tests.TestRunner" time="30.066">
    <system-out><![CDATA[Request method:	POST
Request URI:	http://localhost:9200/regression/_doc
Proxy:			<none>
Request params:	<none>
Query params:	<none>
Form params:	<none>
Path params:	<none>
Headers:		Authorization=Basic ZWxhc3RpYzplbGFzdGlj
				Accept=*/*
				Content-Type=application/json
Cookies:		<none>
Multiparts:		<none>
Body:
{
    "executionTime": "2023-10-09T13:16:55.805Z",
    "reason": "",
    "author": "raktim sarkar",
    "module": "checkout",
    "Error": "",
    "testname": "testcase366",
    "status": "pass"
}
HTTP/1.1 201 Created
Location: /regression/_doc/YhSVFIsB_b1p-kxKYGqR
X-elastic-product: Elasticsearch
content-type: application/json
content-encoding: gzip
content-length: 162

{
    "_index": "regression",
    "_id": "YhSVFIsB_b1p-kxKYGqR",
    "_version": 1,
    "result": "created",
    "_shards": {
        "total": 2,
        "successful": 1,
        "failed": 0
    },
    "_seq_no": 485,
    "_primary_term": 2
}
]]></system-out>
  </testcase>
  <testcase name="createModuleTestSuccessForCheckout" classname="com.qa.tests.TestRunner" time="30.058">
    <system-out><![CDATA[Request method:	POST
Request URI:	http://localhost:9200/regression/_doc
Proxy:			<none>
Request params:	<none>
Query params:	<none>
Form params:	<none>
Path params:	<none>
Headers:		Authorization=Basic ZWxhc3RpYzplbGFzdGlj
				Accept=*/*
				Content-Type=application/json
Cookies:		<none>
Multiparts:		<none>
Body:
{
    "executionTime": "2023-10-09T13:17:25.865Z",
    "reason": "",
    "author": "raktim sarkar",
    "module": "checkout",
    "Error": "",
    "testname": "testcase372",
    "status": "pass"
}
HTTP/1.1 201 Created
Location: /regression/_doc/YxSVFIsB_b1p-kxK1Wr9
X-elastic-product: Elasticsearch
content-type: application/json
content-encoding: gzip
content-length: 160

{
    "_index": "regression",
    "_id": "YxSVFIsB_b1p-kxK1Wr9",
    "_version": 1,
    "result": "created",
    "_shards": {
        "total": 2,
        "successful": 1,
        "failed": 0
    },
    "_seq_no": 486,
    "_primary_term": 2
}
]]></system-out>
  </testcase>
  <testcase name="createModuleTestSuccessForCheckout" classname="com.qa.tests.TestRunner" time="30.077">
    <system-out><![CDATA[Request method:	POST
Request URI:	http://localhost:9200/regression/_doc
Proxy:			<none>
Request params:	<none>
Query params:	<none>
Form params:	<none>
Path params:	<none>
Headers:		Authorization=Basic ZWxhc3RpYzplbGFzdGlj
				Accept=*/*
				Content-Type=application/json
Cookies:		<none>
Multiparts:		<none>
Body:
{
    "executionTime": "2023-10-09T13:17:55.925Z",
    "reason": "",
    "author": "raktim sarkar",
    "module": "checkout",
    "Error": "",
    "testname": "testcase74",
    "status": "pass"
}
HTTP/1.1 201 Created
Location: /regression/_doc/ZBSWFIsB_b1p-kxKS2pq
X-elastic-product: Elasticsearch
content-type: application/json
content-encoding: gzip
content-length: 161

{
    "_index": "regression",
    "_id": "ZBSWFIsB_b1p-kxKS2pq",
    "_version": 1,
    "result": "created",
    "_shards": {
        "total": 2,
        "successful": 1,
        "failed": 0
    },
    "_seq_no": 487,
    "_primary_term": 2
}
]]></system-out>
  </testcase>
  <testcase name="createModuleTestSuccessForCheckout" classname="com.qa.tests.TestRunner" time="30.084">
    <system-out><![CDATA[Request method:	POST
Request URI:	http://localhost:9200/regression/_doc
Proxy:			<none>
Request params:	<none>
Query params:	<none>
Form params:	<none>
Path params:	<none>
Headers:		Authorization=Basic ZWxhc3RpYzplbGFzdGlj
				Accept=*/*
				Content-Type=application/json
Cookies:		<none>
Multiparts:		<none>
Body:
{
    "executionTime": "2023-10-09T13:18:25.996Z",
    "reason": "",
    "author": "raktim sarkar",
    "module": "checkout",
    "Error": "",
    "testname": "testcase359",
    "status": "pass"
}
HTTP/1.1 201 Created
Location: /regression/_doc/ZRSWFIsB_b1p-kxKwGro
X-elastic-product: Elasticsearch
content-type: application/json
content-encoding: gzip
content-length: 161

{
    "_index": "regression",
    "_id": "ZRSWFIsB_b1p-kxKwGro",
    "_version": 1,
    "result": "created",
    "_shards": {
        "total": 2,
        "successful": 1,
        "failed": 0
    },
    "_seq_no": 488,
    "_primary_term": 2
}
]]></system-out>
  </testcase>
  <testcase name="createModuleTestSuccessForCheckout" classname="com.qa.tests.TestRunner" time="30.073">
    <system-out><![CDATA[Request method:	POST
Request URI:	http://localhost:9200/regression/_doc
Proxy:			<none>
Request params:	<none>
Query params:	<none>
Form params:	<none>
Path params:	<none>
Headers:		Authorization=Basic ZWxhc3RpYzplbGFzdGlj
				Accept=*/*
				Content-Type=application/json
Cookies:		<none>
Multiparts:		<none>
Body:
{
    "executionTime": "2023-10-09T13:18:56.089Z",
    "reason": "",
    "author": "raktim sarkar",
    "module": "checkout",
    "Error": "",
    "testname": "testcase547",
    "status": "pass"
}
HTTP/1.1 201 Created
Location: /regression/_doc/ZhSXFIsB_b1p-kxKNmpt
X-elastic-product: Elasticsearch
content-type: application/json
content-encoding: gzip
content-length: 162

{
    "_index": "regression",
    "_id": "ZhSXFIsB_b1p-kxKNmpt",
    "_version": 1,
    "result": "created",
    "_shards": {
        "total": 2,
        "successful": 1,
        "failed": 0
    },
    "_seq_no": 489,
    "_primary_term": 2
}
]]></system-out>
  </testcase>
  <testcase name="createModuleTestSuccessForCheckout" classname="com.qa.tests.TestRunner" time="30.065">
    <system-out><![CDATA[Request method:	POST
Request URI:	http://localhost:9200/regression/_doc
Proxy:			<none>
Request params:	<none>
Query params:	<none>
Form params:	<none>
Path params:	<none>
Headers:		Authorization=Basic ZWxhc3RpYzplbGFzdGlj
				Accept=*/*
				Content-Type=application/json
Cookies:		<none>
Multiparts:		<none>
Body:
{
    "executionTime": "2023-10-09T13:19:26.148Z",
    "reason": "",
    "author": "raktim sarkar",
    "module": "checkout",
    "Error": "",
    "testname": "testcase190",
    "status": "pass"
}
HTTP/1.1 201 Created
Location: /regression/_doc/ZxSXFIsB_b1p-kxKq2rj
X-elastic-product: Elasticsearch
content-type: application/json
content-encoding: gzip
content-length: 160

{
    "_index": "regression",
    "_id": "ZxSXFIsB_b1p-kxKq2rj",
    "_version": 1,
    "result": "created",
    "_shards": {
        "total": 2,
        "successful": 1,
        "failed": 0
    },
    "_seq_no": 490,
    "_primary_term": 2
}
]]></system-out>
  </testcase>
  <testcase name="createModuleTestSuccessForCheckout" classname="com.qa.tests.TestRunner" time="30.07">
    <system-out><![CDATA[Request method:	POST
Request URI:	http://localhost:9200/regression/_doc
Proxy:			<none>
Request params:	<none>
Query params:	<none>
Form params:	<none>
Path params:	<none>
Headers:		Authorization=Basic ZWxhc3RpYzplbGFzdGlj
				Accept=*/*
				Content-Type=application/json
Cookies:		<none>
Multiparts:		<none>
Body:
{
    "executionTime": "2023-10-09T13:19:56.225Z",
    "reason": "",
    "author": "raktim sarkar",
    "module": "checkout",
    "Error": "",
    "testname": "testcase221",
    "status": "pass"
}
HTTP/1.1 201 Created
Location: /regression/_doc/aBSYFIsB_b1p-kxKIWpZ
X-elastic-product: Elasticsearch
content-type: application/json
content-encoding: gzip
content-length: 160

{
    "_index": "regression",
    "_id": "aBSYFIsB_b1p-kxKIWpZ",
    "_version": 1,
    "result": "created",
    "_shards": {
        "total": 2,
        "successful": 1,
        "failed": 0
    },
    "_seq_no": 491,
    "_primary_term": 2
}
]]></system-out>
  </testcase>
  <testcase name="createModuleTestSuccessForCheckout" classname="com.qa.tests.TestRunner" time="30.049">
    <system-out><![CDATA[Request method:	POST
Request URI:	http://localhost:9200/regression/_doc
Proxy:			<none>
Request params:	<none>
Query params:	<none>
Form params:	<none>
Path params:	<none>
Headers:		Authorization=Basic ZWxhc3RpYzplbGFzdGlj
				Accept=*/*
				Content-Type=application/json
Cookies:		<none>
Multiparts:		<none>
Body:
{
    "executionTime": "2023-10-09T13:20:26.298Z",
    "reason": "",
    "author": "raktim sarkar",
    "module": "checkout",
    "Error": "",
    "testname": "testcase98",
    "status": "pass"
}
HTTP/1.1 201 Created
Location: /regression/_doc/aRSYFIsB_b1p-kxKlmrN
X-elastic-product: Elasticsearch
content-type: application/json
content-encoding: gzip
content-length: 160

{
    "_index": "regression",
    "_id": "aRSYFIsB_b1p-kxKlmrN",
    "_version": 1,
    "result": "created",
    "_shards": {
        "total": 2,
        "successful": 1,
        "failed": 0
    },
    "_seq_no": 492,
    "_primary_term": 2
}
]]></system-out>
  </testcase>
  <testcase name="createModuleTestSuccessForCheckout" classname="com.qa.tests.TestRunner" time="30.096">
    <system-out><![CDATA[Request method:	POST
Request URI:	http://localhost:9200/regression/_doc
Proxy:			<none>
Request params:	<none>
Query params:	<none>
Form params:	<none>
Path params:	<none>
Headers:		Authorization=Basic ZWxhc3RpYzplbGFzdGlj
				Accept=*/*
				Content-Type=application/json
Cookies:		<none>
Multiparts:		<none>
Body:
{
    "executionTime": "2023-10-09T13:20:56.344Z",
    "reason": "",
    "author": "raktim sarkar",
    "module": "checkout",
    "Error": "",
    "testname": "testcase41",
    "status": "pass"
}
HTTP/1.1 201 Created
Location: /regression/_doc/ahSZFIsB_b1p-kxKDGpe
X-elastic-product: Elasticsearch
content-type: application/json
content-encoding: gzip
content-length: 159

{
    "_index": "regression",
    "_id": "ahSZFIsB_b1p-kxKDGpe",
    "_version": 1,
    "result": "created",
    "_shards": {
        "total": 2,
        "successful": 1,
        "failed": 0
    },
    "_seq_no": 493,
    "_primary_term": 2
}
]]></system-out>
  </testcase>
  <testcase name="createModuleTestSuccessForCheckout" classname="com.qa.tests.TestRunner" time="30.071">
    <system-out><![CDATA[Request method:	POST
Request URI:	http://localhost:9200/regression/_doc
Proxy:			<none>
Request params:	<none>
Query params:	<none>
Form params:	<none>
Path params:	<none>
Headers:		Authorization=Basic ZWxhc3RpYzplbGFzdGlj
				Accept=*/*
				Content-Type=application/json
Cookies:		<none>
Multiparts:		<none>
Body:
{
    "executionTime": "2023-10-09T13:21:26.439Z",
    "reason": "",
    "author": "raktim sarkar",
    "module": "checkout",
    "Error": "",
    "testname": "testcase372",
    "status": "pass"
}
HTTP/1.1 201 Created
Location: /regression/_doc/axSZFIsB_b1p-kxKgWq-
X-elastic-product: Elasticsearch
content-type: application/json
content-encoding: gzip
content-length: 160

{
    "_index": "regression",
    "_id": "axSZFIsB_b1p-kxKgWq-",
    "_version": 1,
    "result": "created",
    "_shards": {
        "total": 2,
        "successful": 1,
        "failed": 0
    },
    "_seq_no": 494,
    "_primary_term": 2
}
]]></system-out>
  </testcase>
  <testcase name="createModuleTestSuccessForCheckout" classname="com.qa.tests.TestRunner" time="30.063">
    <system-out><![CDATA[Request method:	POST
Request URI:	http://localhost:9200/regression/_doc
Proxy:			<none>
Request params:	<none>
Query params:	<none>
Form params:	<none>
Path params:	<none>
Headers:		Authorization=Basic ZWxhc3RpYzplbGFzdGlj
				Accept=*/*
				Content-Type=application/json
Cookies:		<none>
Multiparts:		<none>
Body:
{
    "executionTime": "2023-10-09T13:21:56.504Z",
    "reason": "",
    "author": "raktim sarkar",
    "module": "checkout",
    "Error": "",
    "testname": "testcase367",
    "status": "pass"
}
HTTP/1.1 201 Created
Location: /regression/_doc/bBSZFIsB_b1p-kxK92ow
X-elastic-product: Elasticsearch
content-type: application/json
content-encoding: gzip
content-length: 160

{
    "_index": "regression",
    "_id": "bBSZFIsB_b1p-kxK92ow",
    "_version": 1,
    "result": "created",
    "_shards": {
        "total": 2,
        "successful": 1,
        "failed": 0
    },
    "_seq_no": 495,
    "_primary_term": 2
}
]]></system-out>
  </testcase>
  <testcase name="createModuleTestSuccessForCheckout" classname="com.qa.tests.TestRunner" time="30.044">
    <system-out><![CDATA[Request method:	POST
Request URI:	http://localhost:9200/regression/_doc
Proxy:			<none>
Request params:	<none>
Query params:	<none>
Form params:	<none>
Path params:	<none>
Headers:		Authorization=Basic ZWxhc3RpYzplbGFzdGlj
				Accept=*/*
				Content-Type=application/json
Cookies:		<none>
Multiparts:		<none>
Body:
{
    "executionTime": "2023-10-09T13:22:26.554Z",
    "reason": "",
    "author": "raktim sarkar",
    "module": "checkout",
    "Error": "",
    "testname": "testcase416",
    "status": "pass"
}
HTTP/1.1 201 Created
Location: /regression/_doc/bRSaFIsB_b1p-kxKbGqZ
X-elastic-product: Elasticsearch
content-type: application/json
content-encoding: gzip
content-length: 161

{
    "_index": "regression",
    "_id": "bRSaFIsB_b1p-kxKbGqZ",
    "_version": 1,
    "result": "created",
    "_shards": {
        "total": 2,
        "successful": 1,
        "failed": 0
    },
    "_seq_no": 496,
    "_primary_term": 2
}
]]></system-out>
  </testcase>
  <testcase name="createModuleTestSuccessForLoan" classname="com.qa.tests.TestRunner" time="30.052">
    <system-out><![CDATA[Request method:	POST
Request URI:	http://localhost:9200/regression/_doc
Proxy:			<none>
Request params:	<none>
Query params:	<none>
Form params:	<none>
Path params:	<none>
Headers:		Authorization=Basic ZWxhc3RpYzplbGFzdGlj
				Accept=*/*
				Content-Type=application/json
Cookies:		<none>
Multiparts:		<none>
Body:
{
    "executionTime": "2023-10-09T13:22:56.622Z",
    "reason": "",
    "author": "rak",
    "module": "loan",
    "Error": "",
    "testname": "testcase83",
    "status": "pass"
}
HTTP/1.1 201 Created
Location: /regression/_doc/bhSaFIsB_b1p-kxK4moD
X-elastic-product: Elasticsearch
content-type: application/json
content-encoding: gzip
content-length: 159

{
    "_index": "regression",
    "_id": "bhSaFIsB_b1p-kxK4moD",
    "_version": 1,
    "result": "created",
    "_shards": {
        "total": 2,
        "successful": 1,
        "failed": 0
    },
    "_seq_no": 497,
    "_primary_term": 2
}
]]></system-out>
  </testcase>
  <testcase name="createModuleTestSuccessForLoan" classname="com.qa.tests.TestRunner" time="30.049">
    <system-out><![CDATA[Request method:	POST
Request URI:	http://localhost:9200/regression/_doc
Proxy:			<none>
Request params:	<none>
Query params:	<none>
Form params:	<none>
Path params:	<none>
Headers:		Authorization=Basic ZWxhc3RpYzplbGFzdGlj
				Accept=*/*
				Content-Type=application/json
Cookies:		<none>
Multiparts:		<none>
Body:
{
    "executionTime": "2023-10-09T13:23:26.674Z",
    "reason": "",
    "author": "rak",
    "module": "loan",
    "Error": "",
    "testname": "testcase768",
    "status": "pass"
}
HTTP/1.1 201 Created
Location: /regression/_doc/bxSbFIsB_b1p-kxKV2pk
X-elastic-product: Elasticsearch
content-type: application/json
content-encoding: gzip
content-length: 160

{
    "_index": "regression",
    "_id": "bxSbFIsB_b1p-kxKV2pk",
    "_version": 1,
    "result": "created",
    "_shards": {
        "total": 2,
        "successful": 1,
        "failed": 0
    },
    "_seq_no": 498,
    "_primary_term": 2
}
]]></system-out>
  </testcase>
  <testcase name="createModuleTestSuccessForLoan" classname="com.qa.tests.TestRunner" time="30.055">
    <system-out><![CDATA[Request method:	POST
Request URI:	http://localhost:9200/regression/_doc
Proxy:			<none>
Request params:	<none>
Query params:	<none>
Form params:	<none>
Path params:	<none>
Headers:		Authorization=Basic ZWxhc3RpYzplbGFzdGlj
				Accept=*/*
				Content-Type=application/json
Cookies:		<none>
Multiparts:		<none>
Body:
{
    "executionTime": "2023-10-09T13:23:56.723Z",
    "reason": "",
    "author": "rak",
    "module": "loan",
    "Error": "",
    "testname": "testcase490",
    "status": "pass"
}
HTTP/1.1 201 Created
Location: /regression/_doc/cBSbFIsB_b1p-kxKzGrG
X-elastic-product: Elasticsearch
content-type: application/json
content-encoding: gzip
content-length: 158

{
    "_index": "regression",
    "_id": "cBSbFIsB_b1p-kxKzGrG",
    "_version": 1,
    "result": "created",
    "_shards": {
        "total": 2,
        "successful": 1,
        "failed": 0
    },
    "_seq_no": 499,
    "_primary_term": 2
}
]]></system-out>
  </testcase>
  <testcase name="createModuleTestSuccessForLoan" classname="com.qa.tests.TestRunner" time="30.045">
    <system-out><![CDATA[Request method:	POST
Request URI:	http://localhost:9200/regression/_doc
Proxy:			<none>
Request params:	<none>
Query params:	<none>
Form params:	<none>
Path params:	<none>
Headers:		Authorization=Basic ZWxhc3RpYzplbGFzdGlj
				Accept=*/*
				Content-Type=application/json
Cookies:		<none>
Multiparts:		<none>
Body:
{
    "executionTime": "2023-10-09T13:24:26.767Z",
    "reason": "",
    "author": "rak",
    "module": "loan",
    "Error": "",
    "testname": "testcase609",
    "status": "pass"
}
HTTP/1.1 201 Created
Location: /regression/_doc/cRScFIsB_b1p-kxKQmoi
X-elastic-product: Elasticsearch
content-type: application/json
content-encoding: gzip
content-length: 158

{
    "_index": "regression",
    "_id": "cRScFIsB_b1p-kxKQmoi",
    "_version": 1,
    "result": "created",
    "_shards": {
        "total": 2,
        "successful": 1,
        "failed": 0
    },
    "_seq_no": 500,
    "_primary_term": 2
}
]]></system-out>
  </testcase>
  <testcase name="createModuleTestSuccessForLoan" classname="com.qa.tests.TestRunner" time="30.042">
    <system-out><![CDATA[Request method:	POST
Request URI:	http://localhost:9200/regression/_doc
Proxy:			<none>
Request params:	<none>
Query params:	<none>
Form params:	<none>
Path params:	<none>
Headers:		Authorization=Basic ZWxhc3RpYzplbGFzdGlj
				Accept=*/*
				Content-Type=application/json
Cookies:		<none>
Multiparts:		<none>
Body:
{
    "executionTime": "2023-10-09T13:24:56.818Z",
    "reason": "",
    "author": "rak",
    "module": "loan",
    "Error": "",
    "testname": "testcase233",
    "status": "pass"
}
HTTP/1.1 201 Created
Location: /regression/_doc/chScFIsB_b1p-kxKt2qG
X-elastic-product: Elasticsearch
content-type: application/json
content-encoding: gzip
content-length: 158

{
    "_index": "regression",
    "_id": "chScFIsB_b1p-kxKt2qG",
    "_version": 1,
    "result": "created",
    "_shards": {
        "total": 2,
        "successful": 1,
        "failed": 0
    },
    "_seq_no": 501,
    "_primary_term": 2
}
]]></system-out>
  </testcase>
  <testcase name="createModuleTestSuccessForLoan" classname="com.qa.tests.TestRunner" time="30.037">
    <system-out><![CDATA[Request method:	POST
Request URI:	http://localhost:9200/regression/_doc
Proxy:			<none>
Request params:	<none>
Query params:	<none>
Form params:	<none>
Path params:	<none>
Headers:		Authorization=Basic ZWxhc3RpYzplbGFzdGlj
				Accept=*/*
				Content-Type=application/json
Cookies:		<none>
Multiparts:		<none>
Body:
{
    "executionTime": "2023-10-09T13:25:26.860Z",
    "reason": "",
    "author": "rak",
    "module": "loan",
    "Error": "",
    "testname": "testcase798",
    "status": "pass"
}
HTTP/1.1 201 Created
Location: /regression/_doc/cxSdFIsB_b1p-kxKLGrY
X-elastic-product: Elasticsearch
content-type: application/json
content-encoding: gzip
content-length: 158

{
    "_index": "regression",
    "_id": "cxSdFIsB_b1p-kxKLGrY",
    "_version": 1,
    "result": "created",
    "_shards": {
        "total": 2,
        "successful": 1,
        "failed": 0
    },
    "_seq_no": 502,
    "_primary_term": 2
}
]]></system-out>
  </testcase>
  <testcase name="createModuleTestSuccessForLoan" classname="com.qa.tests.TestRunner" time="30.053">
    <system-out><![CDATA[Request method:	POST
Request URI:	http://localhost:9200/regression/_doc
Proxy:			<none>
Request params:	<none>
Query params:	<none>
Form params:	<none>
Path params:	<none>
Headers:		Authorization=Basic ZWxhc3RpYzplbGFzdGlj
				Accept=*/*
				Content-Type=application/json
Cookies:		<none>
Multiparts:		<none>
Body:
{
    "executionTime": "2023-10-09T13:25:56.893Z",
    "reason": "",
    "author": "rak",
    "module": "loan",
    "Error": "",
    "testname": "testcase73",
    "status": "pass"
}
HTTP/1.1 201 Created
Location: /regression/_doc/dBSdFIsB_b1p-kxKomow
X-elastic-product: Elasticsearch
content-type: application/json
content-encoding: gzip
content-length: 158

{
    "_index": "regression",
    "_id": "dBSdFIsB_b1p-kxKomow",
    "_version": 1,
    "result": "created",
    "_shards": {
        "total": 2,
        "successful": 1,
        "failed": 0
    },
    "_seq_no": 503,
    "_primary_term": 2
}
]]></system-out>
  </testcase>
  <testcase name="createModuleTestSuccessForLoan" classname="com.qa.tests.TestRunner" time="30.171">
    <system-out><![CDATA[Request method:	POST
Request URI:	http://localhost:9200/regression/_doc
Proxy:			<none>
Request params:	<none>
Query params:	<none>
Form params:	<none>
Path params:	<none>
Headers:		Authorization=Basic ZWxhc3RpYzplbGFzdGlj
				Accept=*/*
				Content-Type=application/json
Cookies:		<none>
Multiparts:		<none>
Body:
{
    "executionTime": "2023-10-09T13:26:26.950Z",
    "reason": "",
    "author": "rak",
    "module": "loan",
    "Error": "",
    "testname": "testcase665",
    "status": "pass"
}
HTTP/1.1 201 Created
Location: /regression/_doc/dRSeFIsB_b1p-kxKGGoF
X-elastic-product: Elasticsearch
content-type: application/json
content-encoding: gzip
content-length: 159

{
    "_index": "regression",
    "_id": "dRSeFIsB_b1p-kxKGGoF",
    "_version": 1,
    "result": "created",
    "_shards": {
        "total": 2,
        "successful": 1,
        "failed": 0
    },
    "_seq_no": 504,
    "_primary_term": 2
}
]]></system-out>
  </testcase>
  <testcase name="createModuleTestSuccessForLoan" classname="com.qa.tests.TestRunner" time="30.07">
    <system-out><![CDATA[Request method:	POST
Request URI:	http://localhost:9200/regression/_doc
Proxy:			<none>
Request params:	<none>
Query params:	<none>
Form params:	<none>
Path params:	<none>
Headers:		Authorization=Basic ZWxhc3RpYzplbGFzdGlj
				Accept=*/*
				Content-Type=application/json
Cookies:		<none>
Multiparts:		<none>
Body:
{
    "executionTime": "2023-10-09T13:26:57.123Z",
    "reason": "",
    "author": "rak",
    "module": "loan",
    "Error": "",
    "testname": "testcase620",
    "status": "pass"
}
HTTP/1.1 201 Created
Location: /regression/_doc/dhSeFIsB_b1p-kxKjWp2
X-elastic-product: Elasticsearch
content-type: application/json
content-encoding: gzip
content-length: 159

{
    "_index": "regression",
    "_id": "dhSeFIsB_b1p-kxKjWp2",
    "_version": 1,
    "result": "created",
    "_shards": {
        "total": 2,
        "successful": 1,
        "failed": 0
    },
    "_seq_no": 505,
    "_primary_term": 2
}
]]></system-out>
  </testcase>
  <testcase name="createModuleTestSuccessForLoan" classname="com.qa.tests.TestRunner" time="30.094">
    <system-out><![CDATA[Request method:	POST
Request URI:	http://localhost:9200/regression/_doc
Proxy:			<none>
Request params:	<none>
Query params:	<none>
Form params:	<none>
Path params:	<none>
Headers:		Authorization=Basic ZWxhc3RpYzplbGFzdGlj
				Accept=*/*
				Content-Type=application/json
Cookies:		<none>
Multiparts:		<none>
Body:
{
    "executionTime": "2023-10-09T13:27:27.183Z",
    "reason": "",
    "author": "rak",
    "module": "loan",
    "Error": "",
    "testname": "testcase102",
    "status": "pass"
}
HTTP/1.1 201 Created
Location: /regression/_doc/dxSfFIsB_b1p-kxKAmrn
X-elastic-product: Elasticsearch
content-type: application/json
content-encoding: gzip
content-length: 158

{
    "_index": "regression",
    "_id": "dxSfFIsB_b1p-kxKAmrn",
    "_version": 1,
    "result": "created",
    "_shards": {
        "total": 2,
        "successful": 1,
        "failed": 0
    },
    "_seq_no": 506,
    "_primary_term": 2
}
]]></system-out>
  </testcase>
  <testcase name="createModuleTestSuccessForLoan" classname="com.qa.tests.TestRunner" time="30.049">
    <system-out><![CDATA[Request method:	POST
Request URI:	http://localhost:9200/regression/_doc
Proxy:			<none>
Request params:	<none>
Query params:	<none>
Form params:	<none>
Path params:	<none>
Headers:		Authorization=Basic ZWxhc3RpYzplbGFzdGlj
				Accept=*/*
				Content-Type=application/json
Cookies:		<none>
Multiparts:		<none>
Body:
{
    "executionTime": "2023-10-09T13:27:57.277Z",
    "reason": "",
    "author": "rak",
    "module": "loan",
    "Error": "",
    "testname": "testcase954",
    "status": "pass"
}
HTTP/1.1 201 Created
Location: /regression/_doc/eBSfFIsB_b1p-kxKeGpw
X-elastic-product: Elasticsearch
content-type: application/json
content-encoding: gzip
content-length: 159

{
    "_index": "regression",
    "_id": "eBSfFIsB_b1p-kxKeGpw",
    "_version": 1,
    "result": "created",
    "_shards": {
        "total": 2,
        "successful": 1,
        "failed": 0
    },
    "_seq_no": 507,
    "_primary_term": 2
}
]]></system-out>
  </testcase>
  <testcase name="createModuleTestSuccessForLoan" classname="com.qa.tests.TestRunner" time="30.082">
    <system-out><![CDATA[Request method:	POST
Request URI:	http://localhost:9200/regression/_doc
Proxy:			<none>
Request params:	<none>
Query params:	<none>
Form params:	<none>
Path params:	<none>
Headers:		Authorization=Basic ZWxhc3RpYzplbGFzdGlj
				Accept=*/*
				Content-Type=application/json
Cookies:		<none>
Multiparts:		<none>
Body:
{
    "executionTime": "2023-10-09T13:28:27.336Z",
    "reason": "",
    "author": "rak",
    "module": "loan",
    "Error": "",
    "testname": "testcase23",
    "status": "pass"
}
HTTP/1.1 201 Created
Location: /regression/_doc/eRSfFIsB_b1p-kxK7Wre
X-elastic-product: Elasticsearch
content-type: application/json
content-encoding: gzip
content-length: 160

{
    "_index": "regression",
    "_id": "eRSfFIsB_b1p-kxK7Wre",
    "_version": 1,
    "result": "created",
    "_shards": {
        "total": 2,
        "successful": 1,
        "failed": 0
    },
    "_seq_no": 508,
    "_primary_term": 2
}
]]></system-out>
  </testcase>
  <testcase name="createModuleTestSuccessForLoan" classname="com.qa.tests.TestRunner" time="30.06">
    <system-out><![CDATA[Request method:	POST
Request URI:	http://localhost:9200/regression/_doc
Proxy:			<none>
Request params:	<none>
Query params:	<none>
Form params:	<none>
Path params:	<none>
Headers:		Authorization=Basic ZWxhc3RpYzplbGFzdGlj
				Accept=*/*
				Content-Type=application/json
Cookies:		<none>
Multiparts:		<none>
Body:
{
    "executionTime": "2023-10-09T13:28:57.412Z",
    "reason": "",
    "author": "rak",
    "module": "loan",
    "Error": "",
    "testname": "testcase944",
    "status": "pass"
}
HTTP/1.1 201 Created
Location: /regression/_doc/ehSgFIsB_b1p-kxKY2pZ
X-elastic-product: Elasticsearch
content-type: application/json
content-encoding: gzip
content-length: 160

{
    "_index": "regression",
    "_id": "ehSgFIsB_b1p-kxKY2pZ",
    "_version": 1,
    "result": "created",
    "_shards": {
        "total": 2,
        "successful": 1,
        "failed": 0
    },
    "_seq_no": 509,
    "_primary_term": 2
}
]]></system-out>
  </testcase>
  <testcase name="createModuleTestSuccessForLoan" classname="com.qa.tests.TestRunner" time="30.071">
    <system-out><![CDATA[Request method:	POST
Request URI:	http://localhost:9200/regression/_doc
Proxy:			<none>
Request params:	<none>
Query params:	<none>
Form params:	<none>
Path params:	<none>
Headers:		Authorization=Basic ZWxhc3RpYzplbGFzdGlj
				Accept=*/*
				Content-Type=application/json
Cookies:		<none>
Multiparts:		<none>
Body:
{
    "executionTime": "2023-10-09T13:29:27.481Z",
    "reason": "",
    "author": "rak",
    "module": "loan",
    "Error": "",
    "testname": "testcase947",
    "status": "pass"
}
HTTP/1.1 201 Created
Location: /regression/_doc/exSgFIsB_b1p-kxK2GrL
X-elastic-product: Elasticsearch
content-type: application/json
content-encoding: gzip
content-length: 159

{
    "_index": "regression",
    "_id": "exSgFIsB_b1p-kxK2GrL",
    "_version": 1,
    "result": "created",
    "_shards": {
        "total": 2,
        "successful": 1,
        "failed": 0
    },
    "_seq_no": 510,
    "_primary_term": 2
}
]]></system-out>
  </testcase>
  <testcase name="createModuleTestSuccessForLoan" classname="com.qa.tests.TestRunner" time="30.122">
    <system-out><![CDATA[Request method:	POST
Request URI:	http://localhost:9200/regression/_doc
Proxy:			<none>
Request params:	<none>
Query params:	<none>
Form params:	<none>
Path params:	<none>
Headers:		Authorization=Basic ZWxhc3RpYzplbGFzdGlj
				Accept=*/*
				Content-Type=application/json
Cookies:		<none>
Multiparts:		<none>
Body:
{
    "executionTime": "2023-10-09T13:29:57.542Z",
    "reason": "",
    "author": "rak",
    "module": "loan",
    "Error": "",
    "testname": "testcase939",
    "status": "pass"
}
HTTP/1.1 201 Created
Location: /regression/_doc/fBShFIsB_b1p-kxKTmo3
X-elastic-product: Elasticsearch
content-type: application/json
content-encoding: gzip
content-length: 158

{
    "_index": "regression",
    "_id": "fBShFIsB_b1p-kxKTmo3",
    "_version": 1,
    "result": "created",
    "_shards": {
        "total": 2,
        "successful": 1,
        "failed": 0
    },
    "_seq_no": 511,
    "_primary_term": 2
}
]]></system-out>
  </testcase>
  <testcase name="createModuleTestSuccessForLoan" classname="com.qa.tests.TestRunner" time="30.072">
    <system-out><![CDATA[Request method:	POST
Request URI:	http://localhost:9200/regression/_doc
Proxy:			<none>
Request params:	<none>
Query params:	<none>
Form params:	<none>
Path params:	<none>
Headers:		Authorization=Basic ZWxhc3RpYzplbGFzdGlj
				Accept=*/*
				Content-Type=application/json
Cookies:		<none>
Multiparts:		<none>
Body:
{
    "executionTime": "2023-10-09T13:30:27.665Z",
    "reason": "",
    "author": "rak",
    "module": "loan",
    "Error": "",
    "testname": "testcase247",
    "status": "pass"
}
HTTP/1.1 201 Created
Location: /regression/_doc/fRShFIsB_b1p-kxKw2rk
X-elastic-product: Elasticsearch
content-type: application/json
content-encoding: gzip
content-length: 159

{
    "_index": "regression",
    "_id": "fRShFIsB_b1p-kxKw2rk",
    "_version": 1,
    "result": "created",
    "_shards": {
        "total": 2,
        "successful": 1,
        "failed": 0
    },
    "_seq_no": 512,
    "_primary_term": 2
}
]]></system-out>
  </testcase>
  <testcase name="createModuleTestSuccessForLoan" classname="com.qa.tests.TestRunner" time="30.042">
    <system-out><![CDATA[Request method:	POST
Request URI:	http://localhost:9200/regression/_doc
Proxy:			<none>
Request params:	<none>
Query params:	<none>
Form params:	<none>
Path params:	<none>
Headers:		Authorization=Basic ZWxhc3RpYzplbGFzdGlj
				Accept=*/*
				Content-Type=application/json
Cookies:		<none>
Multiparts:		<none>
Body:
{
    "executionTime": "2023-10-09T13:30:57.736Z",
    "reason": "",
    "author": "rak",
    "module": "loan",
    "Error": "",
    "testname": "testcase900",
    "status": "pass"
}
HTTP/1.1 201 Created
Location: /regression/_doc/fhSiFIsB_b1p-kxKOWpW
X-elastic-product: Elasticsearch
content-type: application/json
content-encoding: gzip
content-length: 160

{
    "_index": "regression",
    "_id": "fhSiFIsB_b1p-kxKOWpW",
    "_version": 1,
    "result": "created",
    "_shards": {
        "total": 2,
        "successful": 1,
        "failed": 0
    },
    "_seq_no": 513,
    "_primary_term": 2
}
]]></system-out>
  </testcase>
  <testcase name="createModuleTestSuccessForLoan" classname="com.qa.tests.TestRunner" time="30.042">
    <system-out><![CDATA[Request method:	POST
Request URI:	http://localhost:9200/regression/_doc
Proxy:			<none>
Request params:	<none>
Query params:	<none>
Form params:	<none>
Path params:	<none>
Headers:		Authorization=Basic ZWxhc3RpYzplbGFzdGlj
				Accept=*/*
				Content-Type=application/json
Cookies:		<none>
Multiparts:		<none>
Body:
{
    "executionTime": "2023-10-09T13:31:27.783Z",
    "reason": "",
    "author": "rak",
    "module": "loan",
    "Error": "",
    "testname": "testcase863",
    "status": "pass"
}
HTTP/1.1 201 Created
Location: /regression/_doc/fxSiFIsB_b1p-kxKrmqv
X-elastic-product: Elasticsearch
content-type: application/json
content-encoding: gzip
content-length: 158

{
    "_index": "regression",
    "_id": "fxSiFIsB_b1p-kxKrmqv",
    "_version": 1,
    "result": "created",
    "_shards": {
        "total": 2,
        "successful": 1,
        "failed": 0
    },
    "_seq_no": 514,
    "_primary_term": 2
}
]]></system-out>
  </testcase>
  <testcase name="createModuleTestSuccessForLoan" classname="com.qa.tests.TestRunner" time="30.036">
    <system-out><![CDATA[Request method:	POST
Request URI:	http://localhost:9200/regression/_doc
Proxy:			<none>
Request params:	<none>
Query params:	<none>
Form params:	<none>
Path params:	<none>
Headers:		Authorization=Basic ZWxhc3RpYzplbGFzdGlj
				Accept=*/*
				Content-Type=application/json
Cookies:		<none>
Multiparts:		<none>
Body:
{
    "executionTime": "2023-10-09T13:31:57.819Z",
    "reason": "",
    "author": "rak",
    "module": "loan",
    "Error": "",
    "testname": "testcase869",
    "status": "pass"
}
HTTP/1.1 201 Created
Location: /regression/_doc/gBSjFIsB_b1p-kxKJGoI
X-elastic-product: Elasticsearch
content-type: application/json
content-encoding: gzip
content-length: 159

{
    "_index": "regression",
    "_id": "gBSjFIsB_b1p-kxKJGoI",
    "_version": 1,
    "result": "created",
    "_shards": {
        "total": 2,
        "successful": 1,
        "failed": 0
    },
    "_seq_no": 515,
    "_primary_term": 2
}
]]></system-out>
  </testcase>
  <testcase name="createModuleTestSuccessForLoan" classname="com.qa.tests.TestRunner" time="30.062">
    <system-out><![CDATA[Request method:	POST
Request URI:	http://localhost:9200/regression/_doc
Proxy:			<none>
Request params:	<none>
Query params:	<none>
Form params:	<none>
Path params:	<none>
Headers:		Authorization=Basic ZWxhc3RpYzplbGFzdGlj
				Accept=*/*
				Content-Type=application/json
Cookies:		<none>
Multiparts:		<none>
Body:
{
    "executionTime": "2023-10-09T13:32:27.867Z",
    "reason": "",
    "author": "rak",
    "module": "loan",
    "Error": "",
    "testname": "testcase907",
    "status": "pass"
}
HTTP/1.1 201 Created
Location: /regression/_doc/gRSjFIsB_b1p-kxKmWpr
X-elastic-product: Elasticsearch
content-type: application/json
content-encoding: gzip
content-length: 160

{
    "_index": "regression",
    "_id": "gRSjFIsB_b1p-kxKmWpr",
    "_version": 1,
    "result": "created",
    "_shards": {
        "total": 2,
        "successful": 1,
        "failed": 0
    },
    "_seq_no": 516,
    "_primary_term": 2
}
]]></system-out>
  </testcase>
  <testcase name="createModuleTestSuccessForLoan" classname="com.qa.tests.TestRunner" time="30.074">
    <system-out><![CDATA[Request method:	POST
Request URI:	http://localhost:9200/regression/_doc
Proxy:			<none>
Request params:	<none>
Query params:	<none>
Form params:	<none>
Path params:	<none>
Headers:		Authorization=Basic ZWxhc3RpYzplbGFzdGlj
				Accept=*/*
				Content-Type=application/json
Cookies:		<none>
Multiparts:		<none>
Body:
{
    "executionTime": "2023-10-09T13:32:57.927Z",
    "reason": "",
    "author": "rak",
    "module": "loan",
    "Error": "",
    "testname": "testcase205",
    "status": "pass"
}
HTTP/1.1 201 Created
Location: /regression/_doc/ghSkFIsB_b1p-kxKDmrY
X-elastic-product: Elasticsearch
content-type: application/json
content-encoding: gzip
content-length: 160

{
    "_index": "regression",
    "_id": "ghSkFIsB_b1p-kxKDmrY",
    "_version": 1,
    "result": "created",
    "_shards": {
        "total": 2,
        "successful": 1,
        "failed": 0
    },
    "_seq_no": 517,
    "_primary_term": 2
}
]]></system-out>
  </testcase>
  <testcase name="createModuleTestSuccessForLoan" classname="com.qa.tests.TestRunner" time="30.058">
    <system-out><![CDATA[Request method:	POST
Request URI:	http://localhost:9200/regression/_doc
Proxy:			<none>
Request params:	<none>
Query params:	<none>
Form params:	<none>
Path params:	<none>
Headers:		Authorization=Basic ZWxhc3RpYzplbGFzdGlj
				Accept=*/*
				Content-Type=application/json
Cookies:		<none>
Multiparts:		<none>
Body:
{
    "executionTime": "2023-10-09T13:33:27.993Z",
    "reason": "",
    "author": "rak",
    "module": "loan",
    "Error": "",
    "testname": "testcase240",
    "status": "pass"
}
HTTP/1.1 201 Created
Location: /regression/_doc/gxSkFIsB_b1p-kxKhGpG
X-elastic-product: Elasticsearch
content-type: application/json
content-encoding: gzip
content-length: 159

{
    "_index": "regression",
    "_id": "gxSkFIsB_b1p-kxKhGpG",
    "_version": 1,
    "result": "created",
    "_shards": {
        "total": 2,
        "successful": 1,
        "failed": 0
    },
    "_seq_no": 518,
    "_primary_term": 2
}
]]></system-out>
  </testcase>
  <testcase name="createModuleTestSuccessForLoan" classname="com.qa.tests.TestRunner" time="30.052">
    <system-out><![CDATA[Request method:	POST
Request URI:	http://localhost:9200/regression/_doc
Proxy:			<none>
Request params:	<none>
Query params:	<none>
Form params:	<none>
Path params:	<none>
Headers:		Authorization=Basic ZWxhc3RpYzplbGFzdGlj
				Accept=*/*
				Content-Type=application/json
Cookies:		<none>
Multiparts:		<none>
Body:
{
    "executionTime": "2023-10-09T13:33:58.055Z",
    "reason": "",
    "author": "rak",
    "module": "loan",
    "Error": "",
    "testname": "testcase140",
    "status": "pass"
}
HTTP/1.1 201 Created
Location: /regression/_doc/hBSkFIsB_b1p-kxK-Wq4
X-elastic-product: Elasticsearch
content-type: application/json
content-encoding: gzip
content-length: 159

{
    "_index": "regression",
    "_id": "hBSkFIsB_b1p-kxK-Wq4",
    "_version": 1,
    "result": "created",
    "_shards": {
        "total": 2,
        "successful": 1,
        "failed": 0
    },
    "_seq_no": 519,
    "_primary_term": 2
}
]]></system-out>
  </testcase>
  <testcase name="createModuleTestSuccessForLoan" classname="com.qa.tests.TestRunner" time="30.053">
    <system-out><![CDATA[Request method:	POST
Request URI:	http://localhost:9200/regression/_doc
Proxy:			<none>
Request params:	<none>
Query params:	<none>
Form params:	<none>
Path params:	<none>
Headers:		Authorization=Basic ZWxhc3RpYzplbGFzdGlj
				Accept=*/*
				Content-Type=application/json
Cookies:		<none>
Multiparts:		<none>
Body:
{
    "executionTime": "2023-10-09T13:34:28.112Z",
    "reason": "",
    "author": "rak",
    "module": "loan",
    "Error": "",
    "testname": "testcase860",
    "status": "pass"
}
HTTP/1.1 201 Created
Location: /regression/_doc/hRSlFIsB_b1p-kxKb2oh
X-elastic-product: Elasticsearch
content-type: application/json
content-encoding: gzip
content-length: 159

{
    "_index": "regression",
    "_id": "hRSlFIsB_b1p-kxKb2oh",
    "_version": 1,
    "result": "created",
    "_shards": {
        "total": 2,
        "successful": 1,
        "failed": 0
    },
    "_seq_no": 520,
    "_primary_term": 2
}
]]></system-out>
  </testcase>
  <testcase name="createModuleTestSuccessForLoan" classname="com.qa.tests.TestRunner" time="30.048">
    <system-out><![CDATA[Request method:	POST
Request URI:	http://localhost:9200/regression/_doc
Proxy:			<none>
Request params:	<none>
Query params:	<none>
Form params:	<none>
Path params:	<none>
Headers:		Authorization=Basic ZWxhc3RpYzplbGFzdGlj
				Accept=*/*
				Content-Type=application/json
Cookies:		<none>
Multiparts:		<none>
Body:
{
    "executionTime": "2023-10-09T13:34:58.163Z",
    "reason": "",
    "author": "rak",
    "module": "loan",
    "Error": "",
    "testname": "testcase84",
    "status": "pass"
}
HTTP/1.1 201 Created
Location: /regression/_doc/hhSlFIsB_b1p-kxK5GqE
X-elastic-product: Elasticsearch
content-type: application/json
content-encoding: gzip
content-length: 159

{
    "_index": "regression",
    "_id": "hhSlFIsB_b1p-kxK5GqE",
    "_version": 1,
    "result": "created",
    "_shards": {
        "total": 2,
        "successful": 1,
        "failed": 0
    },
    "_seq_no": 521,
    "_primary_term": 2
}
]]></system-out>
  </testcase>
  <testcase name="createModuleTestSuccessForLoan" classname="com.qa.tests.TestRunner" time="30.067">
    <system-out><![CDATA[Request method:	POST
Request URI:	http://localhost:9200/regression/_doc
Proxy:			<none>
Request params:	<none>
Query params:	<none>
Form params:	<none>
Path params:	<none>
Headers:		Authorization=Basic ZWxhc3RpYzplbGFzdGlj
				Accept=*/*
				Content-Type=application/json
Cookies:		<none>
Multiparts:		<none>
Body:
{
    "executionTime": "2023-10-09T13:35:28.216Z",
    "reason": "",
    "author": "rak",
    "module": "loan",
    "Error": "",
    "testname": "testcase323",
    "status": "pass"
}
HTTP/1.1 201 Created
Location: /regression/_doc/hxSmFIsB_b1p-kxKWWro
X-elastic-product: Elasticsearch
content-type: application/json
content-encoding: gzip
content-length: 159

{
    "_index": "regression",
    "_id": "hxSmFIsB_b1p-kxKWWro",
    "_version": 1,
    "result": "created",
    "_shards": {
        "total": 2,
        "successful": 1,
        "failed": 0
    },
    "_seq_no": 522,
    "_primary_term": 2
}
]]></system-out>
  </testcase>
  <testcase name="createModuleTestSuccessForLoan" classname="com.qa.tests.TestRunner" time="30.042">
    <system-out><![CDATA[Request method:	POST
Request URI:	http://localhost:9200/regression/_doc
Proxy:			<none>
Request params:	<none>
Query params:	<none>
Form params:	<none>
Path params:	<none>
Headers:		Authorization=Basic ZWxhc3RpYzplbGFzdGlj
				Accept=*/*
				Content-Type=application/json
Cookies:		<none>
Multiparts:		<none>
Body:
{
    "executionTime": "2023-10-09T13:35:58.276Z",
    "reason": "",
    "author": "rak",
    "module": "loan",
    "Error": "",
    "testname": "testcase939",
    "status": "pass"
}
HTTP/1.1 201 Created
Location: /regression/_doc/iBSmFIsB_b1p-kxKz2pX
X-elastic-product: Elasticsearch
content-type: application/json
content-encoding: gzip
content-length: 159

{
    "_index": "regression",
    "_id": "iBSmFIsB_b1p-kxKz2pX",
    "_version": 1,
    "result": "created",
    "_shards": {
        "total": 2,
        "successful": 1,
        "failed": 0
    },
    "_seq_no": 523,
    "_primary_term": 2
}
]]></system-out>
  </testcase>
  <testcase name="createModuleTestSuccessForLoan" classname="com.qa.tests.TestRunner" time="30.068">
    <system-out><![CDATA[Request method:	POST
Request URI:	http://localhost:9200/regression/_doc
Proxy:			<none>
Request params:	<none>
Query params:	<none>
Form params:	<none>
Path params:	<none>
Headers:		Authorization=Basic ZWxhc3RpYzplbGFzdGlj
				Accept=*/*
				Content-Type=application/json
Cookies:		<none>
Multiparts:		<none>
Body:
{
    "executionTime": "2023-10-09T13:36:28.325Z",
    "reason": "",
    "author": "rak",
    "module": "loan",
    "Error": "",
    "testname": "testcase142",
    "status": "pass"
}
HTTP/1.1 201 Created
Location: /regression/_doc/iRSnFIsB_b1p-kxKRGq3
X-elastic-product: Elasticsearch
content-type: application/json
content-encoding: gzip
content-length: 159

{
    "_index": "regression",
    "_id": "iRSnFIsB_b1p-kxKRGq3",
    "_version": 1,
    "result": "created",
    "_shards": {
        "total": 2,
        "successful": 1,
        "failed": 0
    },
    "_seq_no": 524,
    "_primary_term": 2
}
]]></system-out>
  </testcase>
  <testcase name="createModuleTestSuccessForLoan" classname="com.qa.tests.TestRunner" time="30.053">
    <system-out><![CDATA[Request method:	POST
Request URI:	http://localhost:9200/regression/_doc
Proxy:			<none>
Request params:	<none>
Query params:	<none>
Form params:	<none>
Path params:	<none>
Headers:		Authorization=Basic ZWxhc3RpYzplbGFzdGlj
				Accept=*/*
				Content-Type=application/json
Cookies:		<none>
Multiparts:		<none>
Body:
{
    "executionTime": "2023-10-09T13:36:58.389Z",
    "reason": "",
    "author": "rak",
    "module": "loan",
    "Error": "",
    "testname": "testcase644",
    "status": "pass"
}
HTTP/1.1 201 Created
Location: /regression/_doc/ihSnFIsB_b1p-kxKumoo
X-elastic-product: Elasticsearch
content-type: application/json
content-encoding: gzip
content-length: 158

{
    "_index": "regression",
    "_id": "ihSnFIsB_b1p-kxKumoo",
    "_version": 1,
    "result": "created",
    "_shards": {
        "total": 2,
        "successful": 1,
        "failed": 0
    },
    "_seq_no": 525,
    "_primary_term": 2
}
]]></system-out>
  </testcase>
  <testcase name="createModuleTestSuccessForLoan" classname="com.qa.tests.TestRunner" time="30.052">
    <system-out><![CDATA[Request method:	POST
Request URI:	http://localhost:9200/regression/_doc
Proxy:			<none>
Request params:	<none>
Query params:	<none>
Form params:	<none>
Path params:	<none>
Headers:		Authorization=Basic ZWxhc3RpYzplbGFzdGlj
				Accept=*/*
				Content-Type=application/json
Cookies:		<none>
Multiparts:		<none>
Body:
{
    "executionTime": "2023-10-09T13:37:28.444Z",
    "reason": "",
    "author": "rak",
    "module": "loan",
    "Error": "",
    "testname": "testcase197",
    "status": "pass"
}
HTTP/1.1 201 Created
Location: /regression/_doc/ixSoFIsB_b1p-kxKL2qP
X-elastic-product: Elasticsearch
content-type: application/json
content-encoding: gzip
content-length: 160

{
    "_index": "regression",
    "_id": "ixSoFIsB_b1p-kxKL2qP",
    "_version": 1,
    "result": "created",
    "_shards": {
        "total": 2,
        "successful": 1,
        "failed": 0
    },
    "_seq_no": 526,
    "_primary_term": 2
}
]]></system-out>
  </testcase>
  <testcase name="createModuleTestSuccessForLoan" classname="com.qa.tests.TestRunner" time="30.079">
    <system-out><![CDATA[Request method:	POST
Request URI:	http://localhost:9200/regression/_doc
Proxy:			<none>
Request params:	<none>
Query params:	<none>
Form params:	<none>
Path params:	<none>
Headers:		Authorization=Basic ZWxhc3RpYzplbGFzdGlj
				Accept=*/*
				Content-Type=application/json
Cookies:		<none>
Multiparts:		<none>
Body:
{
    "executionTime": "2023-10-09T13:37:58.499Z",
    "reason": "",
    "author": "rak",
    "module": "loan",
    "Error": "",
    "testname": "testcase705",
    "status": "pass"
}
HTTP/1.1 201 Created
Location: /regression/_doc/jBSoFIsB_b1p-kxKpGr3
X-elastic-product: Elasticsearch
content-type: application/json
content-encoding: gzip
content-length: 159

{
    "_index": "regression",
    "_id": "jBSoFIsB_b1p-kxKpGr3",
    "_version": 1,
    "result": "created",
    "_shards": {
        "total": 2,
        "successful": 1,
        "failed": 0
    },
    "_seq_no": 527,
    "_primary_term": 2
}
]]></system-out>
  </testcase>
  <testcase name="createModuleTestSuccessForLoan" classname="com.qa.tests.TestRunner" time="30.073">
    <system-out><![CDATA[Request method:	POST
Request URI:	http://localhost:9200/regression/_doc
Proxy:			<none>
Request params:	<none>
Query params:	<none>
Form params:	<none>
Path params:	<none>
Headers:		Authorization=Basic ZWxhc3RpYzplbGFzdGlj
				Accept=*/*
				Content-Type=application/json
Cookies:		<none>
Multiparts:		<none>
Body:
{
    "executionTime": "2023-10-09T13:38:28.562Z",
    "reason": "",
    "author": "rak",
    "module": "loan",
    "Error": "",
    "testname": "testcase944",
    "status": "pass"
}
HTTP/1.1 201 Created
Location: /regression/_doc/jRSpFIsB_b1p-kxKGmpo
X-elastic-product: Elasticsearch
content-type: application/json
content-encoding: gzip
content-length: 160

{
    "_index": "regression",
    "_id": "jRSpFIsB_b1p-kxKGmpo",
    "_version": 1,
    "result": "created",
    "_shards": {
        "total": 2,
        "successful": 1,
        "failed": 0
    },
    "_seq_no": 528,
    "_primary_term": 2
}
]]></system-out>
  </testcase>
  <testcase name="createModuleTestSuccessForLoan" classname="com.qa.tests.TestRunner" time="30.073">
    <system-out><![CDATA[Request method:	POST
Request URI:	http://localhost:9200/regression/_doc
Proxy:			<none>
Request params:	<none>
Query params:	<none>
Form params:	<none>
Path params:	<none>
Headers:		Authorization=Basic ZWxhc3RpYzplbGFzdGlj
				Accept=*/*
				Content-Type=application/json
Cookies:		<none>
Multiparts:		<none>
Body:
{
    "executionTime": "2023-10-09T13:38:58.647Z",
    "reason": "",
    "author": "rak",
    "module": "loan",
    "Error": "",
    "testname": "testcase647",
    "status": "pass"
}
HTTP/1.1 201 Created
Location: /regression/_doc/jhSpFIsB_b1p-kxKj2rr
X-elastic-product: Elasticsearch
content-type: application/json
content-encoding: gzip
content-length: 159

{
    "_index": "regression",
    "_id": "jhSpFIsB_b1p-kxKj2rr",
    "_version": 1,
    "result": "created",
    "_shards": {
        "total": 2,
        "successful": 1,
        "failed": 0
    },
    "_seq_no": 529,
    "_primary_term": 2
}
]]></system-out>
  </testcase>
  <testcase name="createModuleTestSuccessForLoan" classname="com.qa.tests.TestRunner" time="30.045">
    <system-out><![CDATA[Request method:	POST
Request URI:	http://localhost:9200/regression/_doc
Proxy:			<none>
Request params:	<none>
Query params:	<none>
Form params:	<none>
Path params:	<none>
Headers:		Authorization=Basic ZWxhc3RpYzplbGFzdGlj
				Accept=*/*
				Content-Type=application/json
Cookies:		<none>
Multiparts:		<none>
Body:
{
    "executionTime": "2023-10-09T13:39:28.717Z",
    "reason": "",
    "author": "rak",
    "module": "loan",
    "Error": "",
    "testname": "testcase755",
    "status": "pass"
}
HTTP/1.1 201 Created
Location: /regression/_doc/jxSqFIsB_b1p-kxKBWpg
X-elastic-product: Elasticsearch
content-type: application/json
content-encoding: gzip
content-length: 160

{
    "_index": "regression",
    "_id": "jxSqFIsB_b1p-kxKBWpg",
    "_version": 1,
    "result": "created",
    "_shards": {
        "total": 2,
        "successful": 1,
        "failed": 0
    },
    "_seq_no": 530,
    "_primary_term": 2
}
]]></system-out>
  </testcase>
  <testcase name="createModuleTestSuccessForLoan" classname="com.qa.tests.TestRunner" time="30.049">
    <system-out><![CDATA[Request method:	POST
Request URI:	http://localhost:9200/regression/_doc
Proxy:			<none>
Request params:	<none>
Query params:	<none>
Form params:	<none>
Path params:	<none>
Headers:		Authorization=Basic ZWxhc3RpYzplbGFzdGlj
				Accept=*/*
				Content-Type=application/json
Cookies:		<none>
Multiparts:		<none>
Body:
{
    "executionTime": "2023-10-09T13:39:58.771Z",
    "reason": "",
    "author": "rak",
    "module": "loan",
    "Error": "",
    "testname": "testcase349",
    "status": "pass"
}
HTTP/1.1 201 Created
Location: /regression/_doc/kBSqFIsB_b1p-kxKemrC
X-elastic-product: Elasticsearch
content-type: application/json
content-encoding: gzip
content-length: 158

{
    "_index": "regression",
    "_id": "kBSqFIsB_b1p-kxKemrC",
    "_version": 1,
    "result": "created",
    "_shards": {
        "total": 2,
        "successful": 1,
        "failed": 0
    },
    "_seq_no": 531,
    "_primary_term": 2
}
]]></system-out>
  </testcase>
  <testcase name="createModuleTestSuccessForLoan" classname="com.qa.tests.TestRunner" time="30.085">
    <system-out><![CDATA[Request method:	POST
Request URI:	http://localhost:9200/regression/_doc
Proxy:			<none>
Request params:	<none>
Query params:	<none>
Form params:	<none>
Path params:	<none>
Headers:		Authorization=Basic ZWxhc3RpYzplbGFzdGlj
				Accept=*/*
				Content-Type=application/json
Cookies:		<none>
Multiparts:		<none>
Body:
{
    "executionTime": "2023-10-09T13:40:28.817Z",
    "reason": "",
    "author": "rak",
    "module": "loan",
    "Error": "",
    "testname": "testcase397",
    "status": "pass"
}
HTTP/1.1 201 Created
Location: /regression/_doc/kRSqFIsB_b1p-kxK8Gom
X-elastic-product: Elasticsearch
content-type: application/json
content-encoding: gzip
content-length: 160

{
    "_index": "regression",
    "_id": "kRSqFIsB_b1p-kxK8Gom",
    "_version": 1,
    "result": "created",
    "_shards": {
        "total": 2,
        "successful": 1,
        "failed": 0
    },
    "_seq_no": 532,
    "_primary_term": 2
}
]]></system-out>
  </testcase>
  <testcase name="createModuleTestSuccessForLoan" classname="com.qa.tests.TestRunner" time="30.089">
    <system-out><![CDATA[Request method:	POST
Request URI:	http://localhost:9200/regression/_doc
Proxy:			<none>
Request params:	<none>
Query params:	<none>
Form params:	<none>
Path params:	<none>
Headers:		Authorization=Basic ZWxhc3RpYzplbGFzdGlj
				Accept=*/*
				Content-Type=application/json
Cookies:		<none>
Multiparts:		<none>
Body:
{
    "executionTime": "2023-10-09T13:40:58.912Z",
    "reason": "",
    "author": "rak",
    "module": "loan",
    "Error": "",
    "testname": "testcase835",
    "status": "pass"
}
HTTP/1.1 201 Created
Location: /regression/_doc/khSrFIsB_b1p-kxKZWq9
X-elastic-product: Elasticsearch
content-type: application/json
content-encoding: gzip
content-length: 161

{
    "_index": "regression",
    "_id": "khSrFIsB_b1p-kxKZWq9",
    "_version": 1,
    "result": "created",
    "_shards": {
        "total": 2,
        "successful": 1,
        "failed": 0
    },
    "_seq_no": 533,
    "_primary_term": 2
}
]]></system-out>
  </testcase>
</testsuite>