<?xml version="1.0" encoding="UTF-8"?>
<!-- Generated by org.testng.reporters.JUnitReportReporter -->
<testsuite hostname="INLEN8520070112" failures="0" tests="86" name="com.qa.tests.TestRunner" time="4.635" errors="0" timestamp="2023-10-09T15:42:09 IST" skipped="0">
  <testcase classname="com.qa.tests.TestRunner" name="createModuleTestFunctional" time="0.033"/>
  <system-out/>
  <testcase classname="com.qa.tests.TestRunner" name="createModuleTestSuccessForLoan" time="0.021"/>
  <system-out/>
  <testcase classname="com.qa.tests.TestRunner" name="createModuleTestDB" time="0.031"/>
  <system-out/>
  <testcase classname="com.qa.tests.TestRunner" name="createModuleTestDB" time="2.398"/>
  <system-out/>
  <testcase classname="com.qa.tests.TestRunner" name="createModuleTestSuccessForCheckout" time="0.026"/>
  <system-out/>
  <testcase classname="com.qa.tests.TestRunner" name="createModuleTestSuccessForLoan" time="0.023"/>
  <system-out/>
  <testcase classname="com.qa.tests.TestRunner" name="createModuleTestSuccessForCheckout" time="0.024"/>
  <system-out/>
  <testcase classname="com.qa.tests.TestRunner" name="createModuleTestSuccessForLoan" time="0.025"/>
  <system-out/>
  <testcase classname="com.qa.tests.TestRunner" name="createModuleTestSuccessForLoan" time="0.025"/>
  <system-out/>
  <testcase classname="com.qa.tests.TestRunner" name="createModuleTestSuccessForCheckout" time="0.024"/>
  <system-out/>
  <testcase classname="com.qa.tests.TestRunner" name="createModuleTestSuccessForCheckout" time="0.025"/>
  <system-out/>
  <testcase classname="com.qa.tests.TestRunner" name="createModuleTestSuccessForLoan" time="0.020"/>
  <system-out/>
  <testcase classname="com.qa.tests.TestRunner" name="createModuleTestSuccessForLoan" time="0.022"/>
  <system-out/>
  <testcase classname="com.qa.tests.TestRunner" name="createModuleTestSuccessForCheckout" time="0.023"/>
  <system-out/>
  <testcase classname="com.qa.tests.TestRunner" name="createModuleTestSuccessForLoan" time="0.021"/>
  <system-out/>
  <testcase classname="com.qa.tests.TestRunner" name="createModuleTestSuccessForLoan" time="0.047"/>
  <system-out/>
  <testcase classname="com.qa.tests.TestRunner" name="createModuleTestSuccessForCheckout" time="0.026"/>
  <system-out/>
  <testcase classname="com.qa.tests.TestRunner" name="createModuleTestSuccessForCheckout" time="0.024"/>
  <system-out/>
  <testcase classname="com.qa.tests.TestRunner" name="createModuleTestSuccessForCheckout" time="0.038"/>
  <system-out/>
  <testcase classname="com.qa.tests.TestRunner" name="createModuleTestSuccessForLoan" time="0.023"/>
  <system-out/>
  <testcase classname="com.qa.tests.TestRunner" name="createModuleTestDB" time="0.030"/>
  <system-out/>
  <testcase classname="com.qa.tests.TestRunner" name="createModuleTestSuccessForLoan" time="0.021"/>
  <system-out/>
  <testcase classname="com.qa.tests.TestRunner" name="createModuleTestSuccessForLoan" time="0.024"/>
  <system-out/>
  <testcase classname="com.qa.tests.TestRunner" name="createModuleTestSuccessForLoan" time="0.021"/>
  <system-out/>
  <testcase classname="com.qa.tests.TestRunner" name="createModuleTestSuccessForCheckout" time="0.029"/>
  <system-out/>
  <testcase classname="com.qa.tests.TestRunner" name="createModuleTestSuccessForCheckout" time="0.025"/>
  <system-out/>
  <testcase classname="com.qa.tests.TestRunner" name="createModuleTestSuccessForLoan" time="0.026"/>
  <system-out/>
  <testcase classname="com.qa.tests.TestRunner" name="createModuleTestSuccessForLoan" time="0.026"/>
  <system-out/>
  <testcase classname="com.qa.tests.TestRunner" name="createModuleTestSuccessForCheckout" time="0.023"/>
  <system-out/>
  <testcase classname="com.qa.tests.TestRunner" name="createModuleTestFunctional" time="0.032"/>
  <system-out/>
  <testcase classname="com.qa.tests.TestRunner" name="createModuleTestSuccessForCheckout" time="0.027"/>
  <system-out/>
  <testcase classname="com.qa.tests.TestRunner" name="createModuleTestSuccessForLoan" time="0.026"/>
  <system-out/>
  <testcase classname="com.qa.tests.TestRunner" name="createModuleTestSuccessForCheckout" time="0.038"/>
  <system-out/>
  <testcase classname="com.qa.tests.TestRunner" name="createModuleTestSuccessForCheckout" time="0.029"/>
  <system-out/>
  <testcase classname="com.qa.tests.TestRunner" name="createModuleTestSuccessForCheckout" time="0.026"/>
  <system-out/>
  <testcase classname="com.qa.tests.TestRunner" name="createModuleTestSuccessForCheckout" time="0.025"/>
  <system-out/>
  <testcase classname="com.qa.tests.TestRunner" name="createModuleTestSuccessForLoan" time="0.021"/>
  <system-out/>
  <testcase classname="com.qa.tests.TestRunner" name="createModuleTestSuccessForCheckout" time="0.024"/>
  <system-out/>
  <testcase classname="com.qa.tests.TestRunner" name="createModuleTestSuccessForLoan" time="0.021"/>
  <system-out/>
  <testcase classname="com.qa.tests.TestRunner" name="createModuleTestSuccessForCheckout" time="0.023"/>
  <system-out/>
  <testcase classname="com.qa.tests.TestRunner" name="createModuleTestSuccessForCheckout" time="0.030"/>
  <system-out/>
  <testcase classname="com.qa.tests.TestRunner" name="createModuleTestSuccessForLoan" time="0.025"/>
  <system-out/>
  <testcase classname="com.qa.tests.TestRunner" name="createModuleTestSuccessForCheckout" time="0.026"/>
  <system-out/>
  <testcase classname="com.qa.tests.TestRunner" name="createModuleTestSuccessForCheckout" time="0.037"/>
  <system-out/>
  <testcase classname="com.qa.tests.TestRunner" name="createModuleTestFunctional" time="0.037"/>
  <system-out/>
  <testcase classname="com.qa.tests.TestRunner" name="createModuleTestSuccessForCheckout" time="0.028"/>
  <system-out/>
  <testcase classname="com.qa.tests.TestRunner" name="createModuleTestSuccessForLoan" time="0.022"/>
  <system-out/>
  <testcase classname="com.qa.tests.TestRunner" name="createModuleTestSuccessForLoan" time="0.026"/>
  <system-out/>
  <testcase classname="com.qa.tests.TestRunner" name="createModuleTestSuccessForCheckout" time="0.045"/>
  <system-out/>
  <testcase classname="com.qa.tests.TestRunner" name="createModuleTestSuccessForCheckout" time="0.027"/>
  <system-out/>
  <testcase classname="com.qa.tests.TestRunner" name="createModuleTestSuccessForCheckout" time="0.026"/>
  <system-out/>
  <testcase classname="com.qa.tests.TestRunner" name="createModuleTestDB" time="0.039"/>
  <system-out/>
  <testcase classname="com.qa.tests.TestRunner" name="createModuleTestDB" time="0.041"/>
  <system-out/>
  <testcase classname="com.qa.tests.TestRunner" name="createModuleTestSuccessForCheckout" time="0.025"/>
  <system-out/>
  <testcase classname="com.qa.tests.TestRunner" name="createModuleTestSuccessForLoan" time="0.023"/>
  <system-out/>
  <testcase classname="com.qa.tests.TestRunner" name="createModuleTestSuccessForLoan" time="0.021"/>
  <system-out/>
  <testcase classname="com.qa.tests.TestRunner" name="createModuleTestSuccessForLoan" time="0.020"/>
  <system-out/>
  <testcase classname="com.qa.tests.TestRunner" name="createModuleTestFunctional" time="0.042"/>
  <system-out/>
  <testcase classname="com.qa.tests.TestRunner" name="createModuleTestSuccessForLoan" time="0.021"/>
  <system-out/>
  <testcase classname="com.qa.tests.TestRunner" name="createModuleTestSuccessForLoan" time="0.026"/>
  <system-out/>
  <testcase classname="com.qa.tests.TestRunner" name="createModuleTestSuccessForLoan" time="0.020"/>
  <system-out/>
  <testcase classname="com.qa.tests.TestRunner" name="createModuleTestDB" time="0.035"/>
  <system-out/>
  <testcase classname="com.qa.tests.TestRunner" name="createModuleTestSuccessForCheckout" time="0.025"/>
  <system-out/>
  <testcase classname="com.qa.tests.TestRunner" name="createModuleTestSuccessForCheckout" time="0.025"/>
  <system-out/>
  <testcase classname="com.qa.tests.TestRunner" name="createModuleTestSuccessForLoan" time="0.021"/>
  <system-out/>
  <testcase classname="com.qa.tests.TestRunner" name="createModuleTestSuccessForCheckout" time="0.025"/>
  <system-out/>
  <testcase classname="com.qa.tests.TestRunner" name="createModuleTestSuccessForCheckout" time="0.023"/>
  <system-out/>
  <testcase classname="com.qa.tests.TestRunner" name="createModuleTestSuccessForLoan" time="0.020"/>
  <system-out/>
  <testcase classname="com.qa.tests.TestRunner" name="createModuleTestSuccessForCheckout" time="0.021"/>
  <system-out/>
  <testcase classname="com.qa.tests.TestRunner" name="createModuleTestSuccessForCheckout" time="0.026"/>
  <system-out/>
  <testcase classname="com.qa.tests.TestRunner" name="createModuleTestSuccessForLoan" time="0.020"/>
  <system-out/>
  <testcase classname="com.qa.tests.TestRunner" name="createModuleTestSuccessForCheckout" time="0.025"/>
  <system-out/>
  <testcase classname="com.qa.tests.TestRunner" name="createModuleTestSuccessForCheckout" time="0.020"/>
  <system-out/>
  <testcase classname="com.qa.tests.TestRunner" name="createModuleTestSuccessForLoan" time="0.023"/>
  <system-out/>
  <testcase classname="com.qa.tests.TestRunner" name="createModuleTestSuccessForLoan" time="0.021"/>
  <system-out/>
  <testcase classname="com.qa.tests.TestRunner" name="createModuleTestSuccessForLoan" time="0.026"/>
  <system-out/>
  <testcase classname="com.qa.tests.TestRunner" name="createModuleTestSuccessForCheckout" time="0.030"/>
  <system-out/>
  <testcase classname="com.qa.tests.TestRunner" name="createModuleTestSuccessForLoan" time="0.022"/>
  <system-out/>
  <testcase classname="com.qa.tests.TestRunner" name="createModuleTestSuccessForCheckout" time="0.022"/>
  <system-out/>
  <testcase classname="com.qa.tests.TestRunner" name="createModuleTestSuccessForCheckout" time="0.025"/>
  <system-out/>
  <testcase classname="com.qa.tests.TestRunner" name="createModuleTestSuccessForLoan" time="0.024"/>
  <system-out/>
  <testcase classname="com.qa.tests.TestRunner" name="createModuleTestFunctional" time="0.035"/>
  <system-out/>
  <testcase classname="com.qa.tests.TestRunner" name="createModuleTestSuccessForLoan" time="0.024"/>
  <system-out/>
  <testcase classname="com.qa.tests.TestRunner" name="createModuleTestSuccessForLoan" time="0.021"/>
  <system-out/>
  <testcase classname="com.qa.tests.TestRunner" name="createModuleTestSuccessForCheckout" time="0.024"/>
  <system-out/>
  <testcase classname="com.qa.tests.TestRunner" name="createModuleTestSuccessForLoan" time="0.029"/>
  <system-out/>
</testsuite> <!-- com.qa.tests.TestRunner -->
