<?xml version="1.0" encoding="UTF-8"?>
<!-- Generated by org.testng.reporters.JUnitReportReporter -->
<testsuite skipped="0" hostname="INLEN8520070112" name="com.qa.tests.TestRunner" tests="86" failures="0" timestamp="2023-10-09T19:11:29 IST" time="2589.196" errors="0">
  <testcase name="createModuleTestSuccessForCheckout" time="30.103" classname="com.qa.tests.TestRunner"/>
  <system-out/>
  <testcase name="createModuleTestFunctional" time="30.047" classname="com.qa.tests.TestRunner"/>
  <system-out/>
  <testcase name="createModuleTestSuccessForLoan" time="30.083" classname="com.qa.tests.TestRunner"/>
  <system-out/>
  <testcase name="createModuleTestSuccessForCheckout" time="30.059" classname="com.qa.tests.TestRunner"/>
  <system-out/>
  <testcase name="createModuleTestSuccessForLoan" time="30.054" classname="com.qa.tests.TestRunner"/>
  <system-out/>
  <testcase name="createModuleTestSuccessForLoan" time="30.054" classname="com.qa.tests.TestRunner"/>
  <system-out/>
  <testcase name="createModuleTestSuccessForLoan" time="30.046" classname="com.qa.tests.TestRunner"/>
  <system-out/>
  <testcase name="createModuleTestSuccessForLoan" time="30.048" classname="com.qa.tests.TestRunner"/>
  <system-out/>
  <testcase name="createModuleTestSuccessForCheckout" time="30.044" classname="com.qa.tests.TestRunner"/>
  <system-out/>
  <testcase name="createModuleTestSuccessForLoan" time="30.063" classname="com.qa.tests.TestRunner"/>
  <system-out/>
  <testcase name="createModuleTestSuccessForLoan" time="30.094" classname="com.qa.tests.TestRunner"/>
  <system-out/>
  <testcase name="createModuleTestSuccessForCheckout" time="30.098" classname="com.qa.tests.TestRunner"/>
  <system-out/>
  <testcase name="createModuleTestSuccessForLoan" time="30.069" classname="com.qa.tests.TestRunner"/>
  <system-out/>
  <testcase name="createModuleTestSuccessForCheckout" time="30.035" classname="com.qa.tests.TestRunner"/>
  <system-out/>
  <testcase name="createModuleTestSuccessForLoan" time="30.053" classname="com.qa.tests.TestRunner"/>
  <system-out/>
  <testcase name="createModuleTestSuccessForLoan" time="30.052" classname="com.qa.tests.TestRunner"/>
  <system-out/>
  <testcase name="createModuleTestSuccessForCheckout" time="30.067" classname="com.qa.tests.TestRunner"/>
  <system-out/>
  <testcase name="createModuleTestSuccessForCheckout" time="30.058" classname="com.qa.tests.TestRunner"/>
  <system-out/>
  <testcase name="createModuleTestSuccessForLoan" time="30.032" classname="com.qa.tests.TestRunner"/>
  <system-out/>
  <testcase name="createModuleTestSuccessForLoan" time="30.048" classname="com.qa.tests.TestRunner"/>
  <system-out/>
  <testcase name="createModuleTestSuccessForCheckout" time="30.065" classname="com.qa.tests.TestRunner"/>
  <system-out/>
  <testcase name="createModuleTestSuccessForCheckout" time="30.055" classname="com.qa.tests.TestRunner"/>
  <system-out/>
  <testcase name="createModuleTestSuccessForCheckout" time="30.065" classname="com.qa.tests.TestRunner"/>
  <system-out/>
  <testcase name="createModuleTestSuccessForCheckout" time="30.070" classname="com.qa.tests.TestRunner"/>
  <system-out/>
  <testcase name="createModuleTestFunctional" time="30.066" classname="com.qa.tests.TestRunner"/>
  <system-out/>
  <testcase name="createModuleTestSuccessForLoan" time="30.058" classname="com.qa.tests.TestRunner"/>
  <system-out/>
  <testcase name="createModuleTestSuccessForCheckout" time="30.092" classname="com.qa.tests.TestRunner"/>
  <system-out/>
  <testcase name="createModuleTestSuccessForLoan" time="30.071" classname="com.qa.tests.TestRunner"/>
  <system-out/>
  <testcase name="createModuleTestSuccessForLoan" time="30.059" classname="com.qa.tests.TestRunner"/>
  <system-out/>
  <testcase name="createModuleTestDB" time="30.056" classname="com.qa.tests.TestRunner"/>
  <system-out/>
  <testcase name="createModuleTestDB" time="30.060" classname="com.qa.tests.TestRunner"/>
  <system-out/>
  <testcase name="createModuleTestSuccessForLoan" time="30.053" classname="com.qa.tests.TestRunner"/>
  <system-out/>
  <testcase name="createModuleTestSuccessForCheckout" time="30.066" classname="com.qa.tests.TestRunner"/>
  <system-out/>
  <testcase name="createModuleTestSuccessForLoan" time="30.172" classname="com.qa.tests.TestRunner"/>
  <system-out/>
  <testcase name="createModuleTestSuccessForCheckout" time="30.069" classname="com.qa.tests.TestRunner"/>
  <system-out/>
  <testcase name="createModuleTestSuccessForLoan" time="30.065" classname="com.qa.tests.TestRunner"/>
  <system-out/>
  <testcase name="createModuleTestSuccessForLoan" time="30.037" classname="com.qa.tests.TestRunner"/>
  <system-out/>
  <testcase name="createModuleTestSuccessForCheckout" time="30.093" classname="com.qa.tests.TestRunner"/>
  <system-out/>
  <testcase name="createModuleTestSuccessForCheckout" time="30.071" classname="com.qa.tests.TestRunner"/>
  <system-out/>
  <testcase name="createModuleTestSuccessForLoan" time="30.056" classname="com.qa.tests.TestRunner"/>
  <system-out/>
  <testcase name="createModuleTestSuccessForCheckout" time="30.051" classname="com.qa.tests.TestRunner"/>
  <system-out/>
  <testcase name="createModuleTestSuccessForLoan" time="30.047" classname="com.qa.tests.TestRunner"/>
  <system-out/>
  <testcase name="createModuleTestSuccessForLoan" time="30.043" classname="com.qa.tests.TestRunner"/>
  <system-out/>
  <testcase name="createModuleTestSuccessForCheckout" time="30.085" classname="com.qa.tests.TestRunner"/>
  <system-out/>
  <testcase name="createModuleTestSuccessForCheckout" time="30.093" classname="com.qa.tests.TestRunner"/>
  <system-out/>
  <testcase name="createModuleTestSuccessForCheckout" time="30.076" classname="com.qa.tests.TestRunner"/>
  <system-out/>
  <testcase name="createModuleTestSuccessForCheckout" time="30.049" classname="com.qa.tests.TestRunner"/>
  <system-out/>
  <testcase name="createModuleTestSuccessForCheckout" time="30.058" classname="com.qa.tests.TestRunner"/>
  <system-out/>
  <testcase name="createModuleTestSuccessForLoan" time="30.056" classname="com.qa.tests.TestRunner"/>
  <system-out/>
  <testcase name="createModuleTestSuccessForCheckout" time="30.066" classname="com.qa.tests.TestRunner"/>
  <system-out/>
  <testcase name="createModuleTestSuccessForCheckout" time="30.056" classname="com.qa.tests.TestRunner"/>
  <system-out/>
  <testcase name="createModuleTestDB" time="33.376" classname="com.qa.tests.TestRunner"/>
  <system-out/>
  <testcase name="createModuleTestSuccessForLoan" time="30.068" classname="com.qa.tests.TestRunner"/>
  <system-out/>
  <testcase name="createModuleTestSuccessForCheckout" time="30.207" classname="com.qa.tests.TestRunner"/>
  <system-out/>
  <testcase name="createModuleTestDB" time="30.068" classname="com.qa.tests.TestRunner"/>
  <system-out/>
  <testcase name="createModuleTestSuccessForCheckout" time="30.066" classname="com.qa.tests.TestRunner"/>
  <system-out/>
  <testcase name="createModuleTestSuccessForCheckout" time="30.118" classname="com.qa.tests.TestRunner"/>
  <system-out/>
  <testcase name="createModuleTestSuccessForLoan" time="30.060" classname="com.qa.tests.TestRunner"/>
  <system-out/>
  <testcase name="createModuleTestSuccessForLoan" time="30.122" classname="com.qa.tests.TestRunner"/>
  <system-out/>
  <testcase name="createModuleTestSuccessForLoan" time="30.058" classname="com.qa.tests.TestRunner"/>
  <system-out/>
  <testcase name="createModuleTestFunctional" time="30.076" classname="com.qa.tests.TestRunner"/>
  <system-out/>
  <testcase name="createModuleTestSuccessForCheckout" time="30.063" classname="com.qa.tests.TestRunner"/>
  <system-out/>
  <testcase name="createModuleTestDB" time="30.073" classname="com.qa.tests.TestRunner"/>
  <system-out/>
  <testcase name="createModuleTestSuccessForCheckout" time="30.059" classname="com.qa.tests.TestRunner"/>
  <system-out/>
  <testcase name="createModuleTestSuccessForCheckout" time="30.125" classname="com.qa.tests.TestRunner"/>
  <system-out/>
  <testcase name="createModuleTestFunctional" time="30.062" classname="com.qa.tests.TestRunner"/>
  <system-out/>
  <testcase name="createModuleTestSuccessForCheckout" time="30.085" classname="com.qa.tests.TestRunner"/>
  <system-out/>
  <testcase name="createModuleTestSuccessForLoan" time="30.049" classname="com.qa.tests.TestRunner"/>
  <system-out/>
  <testcase name="createModuleTestSuccessForLoan" time="30.068" classname="com.qa.tests.TestRunner"/>
  <system-out/>
  <testcase name="createModuleTestSuccessForLoan" time="30.066" classname="com.qa.tests.TestRunner"/>
  <system-out/>
  <testcase name="createModuleTestSuccessForCheckout" time="30.072" classname="com.qa.tests.TestRunner"/>
  <system-out/>
  <testcase name="createModuleTestSuccessForCheckout" time="30.095" classname="com.qa.tests.TestRunner"/>
  <system-out/>
  <testcase name="createModuleTestSuccessForLoan" time="30.042" classname="com.qa.tests.TestRunner"/>
  <system-out/>
  <testcase name="createModuleTestSuccessForLoan" time="30.083" classname="com.qa.tests.TestRunner"/>
  <system-out/>
  <testcase name="createModuleTestFunctional" time="30.070" classname="com.qa.tests.TestRunner"/>
  <system-out/>
  <testcase name="createModuleTestDB" time="30.048" classname="com.qa.tests.TestRunner"/>
  <system-out/>
  <testcase name="createModuleTestSuccessForLoan" time="30.075" classname="com.qa.tests.TestRunner"/>
  <system-out/>
  <testcase name="createModuleTestSuccessForLoan" time="30.046" classname="com.qa.tests.TestRunner"/>
  <system-out/>
  <testcase name="createModuleTestSuccessForLoan" time="30.049" classname="com.qa.tests.TestRunner"/>
  <system-out/>
  <testcase name="createModuleTestSuccessForCheckout" time="30.073" classname="com.qa.tests.TestRunner"/>
  <system-out/>
  <testcase name="createModuleTestSuccessForCheckout" time="30.065" classname="com.qa.tests.TestRunner"/>
  <system-out/>
  <testcase name="createModuleTestSuccessForLoan" time="30.059" classname="com.qa.tests.TestRunner"/>
  <system-out/>
  <testcase name="createModuleTestSuccessForCheckout" time="30.058" classname="com.qa.tests.TestRunner"/>
  <system-out/>
  <testcase name="createModuleTestSuccessForCheckout" time="30.072" classname="com.qa.tests.TestRunner"/>
  <system-out/>
  <testcase name="createModuleTestSuccessForLoan" time="30.063" classname="com.qa.tests.TestRunner"/>
  <system-out/>
  <testcase name="createModuleTestSuccessForCheckout" time="30.071" classname="com.qa.tests.TestRunner"/>
  <system-out/>
</testsuite> <!-- com.qa.tests.TestRunner -->
